<?xml version="1.0" encoding="UTF-8"?>
<testsuite xmlns:xsi="http://www.w3.org/2001/XMLSchema-instance" xsi:noNamespaceSchemaLocation="https://maven.apache.org/surefire/maven-surefire-plugin/xsd/surefire-test-report.xsd" version="3.0.1" name="eal.runners.ealrunner" time="27.899" tests="3" errors="0" skipped="0" failures="3">
  <properties>
[...]
</properties>
  <testcase name="Verify logging in with Invalid credentials in Login Homepage #1" classname="Testing Homepage Items and Login related test cases ." time="7.516">
    <failure message="The following asserts failed:&#10;	Alert generated and Text is as expected expected [User is not valid] but found [null]" type="java.lang.AssertionError"><![CDATA[java.lang.AssertionError: 
The following asserts failed:
	Alert generated and Text is as expected expected [User is not valid] but found [null]
	at org.testng.asserts.SoftAssert.assertAll(SoftAssert.java:46)
	at org.testng.asserts.SoftAssert.assertAll(SoftAssert.java:30)
	at eal.utilities.SftAssert.assertAll(SftAssert.java:127)
	at eal.hooks.Hooks.after(Hooks.java:114)
]]></failure>
    <system-out><![CDATA[18:51:10.308 INFO  [ealrunner &amp#27;[95m:39&amp#27;[m] &amp#27;[38;5;135m @BeforeClass-ealRunner Running one time&amp#27;[0m
18:51:10.580 INFO  [Driver &amp#27;[95m:167&amp#27;[m] creating temp directory in -edge_headless
18:51:12.310 INFO  [Hooks &amp#27;[95m:46&amp#27;[m] &amp#27;[38;5;54m @Before All Hooks &amp#27;[0m
18:51:12.311 INFO  [Driver &amp#27;[95m:197&amp#27;[m] &amp#27;[1;35m Browser Setup &amp#27;[0m
18:51:12.393 INFO  [ConfigurationReader &amp#27;[95m:21&amp#27;[m] &amp#27;[38;5;201m****************** Current Profile: null******************&amp#27;[0m
18:51:12.393 INFO  [ConfigurationReader &amp#27;[95m:28&amp#27;[m] Current configFile =Configuration.properties
18:51:13.662 INFO  [Driver &amp#27;[95m:203&amp#27;[m] URL Lunched : https://demo.guru99.com/V3/index.php

@login @homepage @allTest @InvalidLogin
Scenario Outline: Verify logging in with Invalid credentials in Login Homepage &amp#27;[90m# src/test/resources/features/2_TCSSet1/1_Login.feature:17&amp#27;[0m
18:51:14.161 INFO  [Hooks &amp#27;[95m:58&amp#27;[m] &amp#27;[38;5;54m @Before hook- Runs before every tcs &amp#27;[0m
18:51:14.161 INFO  [Hooks &amp#27;[95m:60&amp#27;[m] &amp#27;[32;1m================================================================&amp#27;[0m
18:51:14.162 INFO  [Hooks &amp#27;[95m:62&amp#27;[m] &amp#27;[32;1mScenario Title: Verify logging in with Invalid credentials in Login Homepage&amp#27;[0m
18:51:14.162 INFO  [Hooks &amp#27;[95m:63&amp#27;[m] &amp#27;[32;1m================================================================&amp#27;[0m
18:51:14.206 INFO  [Hooks &amp#27;[95m:86&amp#27;[m] &amp#27;[38;5;54m @Before Step Hooks &amp#27;[0m
  
  
18:51:14.212 INFO  [StepNameListener &amp#27;[95m:35&amp#27;[m] &amp#27;[38;5;208m================================================================&amp#27;[0m
18:51:14.212 WARN  [StepNameListener &amp#27;[95m:36&amp#27;[m] &amp#27;[38;5;208mExecuting step: Validate User landed on homepage
18:51:14.213 INFO  [StepNameListener &amp#27;[95m:37&amp#27;[m] &amp#27;[38;5;208m================================================================&amp#27;[0m
  
18:51:14.214 INFO  [Login_StepD &amp#27;[95m:18&amp#27;[m] Verify Title
18:51:14.214 INFO  [HomePage_POM &amp#27;[95m:42&amp#27;[m] Getting the Actual title
18:51:14.230 INFO  [HomePage_POM &amp#27;[95m:44&amp#27;[m] Got the Title
18:51:14.231 INFO  [Login_StepD &amp#27;[95m:22&amp#27;[m] Performing Assertion 
18:51:14.231 INFO  [SftAssert &amp#27;[95m:81&amp#27;[m] &amp#27;[34;1mAssert Passed :---------------------- Title Matched Successfully&amp#27;[0m
  &amp#27;[32mGiven &amp#27;[0m&amp#27;[32mValidate User landed on homepage&amp#27;[0m                                       &amp#27;[90m# eal.step_definitions.Login_StepD.validate_user_landed_on_homepage()&amp#27;[0m
18:51:14.238 INFO  [Hooks &amp#27;[95m:91&amp#27;[m] &amp#27;[38;5;54m  @after step hook &amp#27;[0m
18:51:14.243 INFO  [CommonMethods &amp#27;[95m:990&amp#27;[m] Capturing Screenshot

    Embedding Verify_logging_in_with_Invalid_credentials_in_Login_Homepage_1767397874239 [image/png 51758 bytes]

18:51:14.361 INFO  [CommonMethods &amp#27;[95m:995&amp#27;[m] Screenshot Attached
18:51:14.363 INFO  [Hooks &amp#27;[95m:86&amp#27;[m] &amp#27;[38;5;54m @Before Step Hooks &amp#27;[0m
  
  
18:51:14.365 INFO  [StepNameListener &amp#27;[95m:35&amp#27;[m] &amp#27;[38;5;208m================================================================&amp#27;[0m
18:51:14.365 WARN  [StepNameListener &amp#27;[95m:36&amp#27;[m] &amp#27;[38;5;208mExecuting step: Pass "mngr6467" on "UserID" Field
18:51:14.366 INFO  [StepNameListener &amp#27;[95m:37&amp#27;[m] &amp#27;[38;5;208m================================================================&amp#27;[0m
  
18:51:14.370 INFO  [HomePage_POM &amp#27;[95m:91&amp#27;[m] //td[contains(text(),'UserID')]/following-sibling::td/input
18:51:15.166 INFO  [HomePage_POM &amp#27;[95m:97&amp#27;[m] Clicking on Fields
18:51:15.759 INFO  [CommonMethods &amp#27;[95m:388&amp#27;[m] element is visible and Clickable
18:51:16.354 INFO  [HomePage_POM &amp#27;[95m:100&amp#27;[m] passing value: mngr6467
18:51:16.567 INFO  [CommonMethods &amp#27;[95m:1686&amp#27;[m] ✅ Text 'mngr6467' successfully entered into element: [[EdgeDriver: MicrosoftEdge on windows (628202fe30300a0dea323e3cb3586183)] -> xpath: //td[contains(text(),'UserID')]/following-sibling::td/input]
18:51:16.568 INFO  [HomePage_POM &amp#27;[95m:103&amp#27;[m] get the field value to make sure it is filled up properly
18:51:16.575 INFO  [SftAssert &amp#27;[95m:81&amp#27;[m] &amp#27;[34;1mAssert Passed :---------------------- Field is filled up&amp#27;[0m
  &amp#27;[32mGiven &amp#27;[0m&amp#27;[32mPass &amp#27;[0m&amp#27;[32m&amp#27;[1m"mngr6467"&amp#27;[0m&amp#27;[32m on &amp#27;[0m&amp#27;[32m&amp#27;[1m"UserID"&amp#27;[0m&amp#27;[32m Field&amp#27;[0m                                      &amp#27;[90m# eal.step_definitions.Login_StepD.pass_on_field(java.lang.String,java.lang.String)&amp#27;[0m
18:51:16.577 INFO  [Hooks &amp#27;[95m:91&amp#27;[m] &amp#27;[38;5;54m  @after step hook &amp#27;[0m
18:51:16.577 INFO  [CommonMethods &amp#27;[95m:990&amp#27;[m] Capturing Screenshot

    Embedding Verify_logging_in_with_Invalid_credentials_in_Login_Homepage_1767397876577 [image/png 53623 bytes]

18:51:16.662 INFO  [CommonMethods &amp#27;[95m:995&amp#27;[m] Screenshot Attached
18:51:16.663 INFO  [Hooks &amp#27;[95m:86&amp#27;[m] &amp#27;[38;5;54m @Before Step Hooks &amp#27;[0m
  
  
18:51:16.664 INFO  [StepNameListener &amp#27;[95m:35&amp#27;[m] &amp#27;[38;5;208m================================================================&amp#27;[0m
18:51:16.665 WARN  [StepNameListener &amp#27;[95m:36&amp#27;[m] &amp#27;[38;5;208mExecuting step: Pass "0000000" on "Password" Field
18:51:16.665 INFO  [StepNameListener &amp#27;[95m:37&amp#27;[m] &amp#27;[38;5;208m================================================================&amp#27;[0m
  
18:51:16.666 INFO  [HomePage_POM &amp#27;[95m:91&amp#27;[m] //td[contains(text(),'Password')]/following-sibling::td/input
18:51:17.464 INFO  [HomePage_POM &amp#27;[95m:97&amp#27;[m] Clicking on Fields
18:51:18.071 INFO  [CommonMethods &amp#27;[95m:388&amp#27;[m] element is visible and Clickable
18:51:18.537 INFO  [HomePage_POM &amp#27;[95m:100&amp#27;[m] passing value: 0000000
18:51:18.656 INFO  [CommonMethods &amp#27;[95m:1686&amp#27;[m] ✅ Text '0000000' successfully entered into element: [[EdgeDriver: MicrosoftEdge on windows (628202fe30300a0dea323e3cb3586183)] -> xpath: //td[contains(text(),'Password')]/following-sibling::td/input]
18:51:18.657 INFO  [HomePage_POM &amp#27;[95m:103&amp#27;[m] get the field value to make sure it is filled up properly
18:51:18.666 INFO  [SftAssert &amp#27;[95m:81&amp#27;[m] &amp#27;[34;1mAssert Passed :---------------------- Field is filled up&amp#27;[0m
  &amp#27;[32mAnd &amp#27;[0m&amp#27;[32mPass &amp#27;[0m&amp#27;[32m&amp#27;[1m"0000000"&amp#27;[0m&amp#27;[32m on &amp#27;[0m&amp#27;[32m&amp#27;[1m"Password"&amp#27;[0m&amp#27;[32m Field&amp#27;[0m                                       &amp#27;[90m# eal.step_definitions.Login_StepD.pass_on_field(java.lang.String,java.lang.String)&amp#27;[0m
18:51:18.668 INFO  [Hooks &amp#27;[95m:91&amp#27;[m] &amp#27;[38;5;54m  @after step hook &amp#27;[0m
18:51:18.669 INFO  [CommonMethods &amp#27;[95m:990&amp#27;[m] Capturing Screenshot

    Embedding Verify_logging_in_with_Invalid_credentials_in_Login_Homepage_1767397878669 [image/png 54317 bytes]

18:51:18.770 INFO  [CommonMethods &amp#27;[95m:995&amp#27;[m] Screenshot Attached
18:51:18.773 INFO  [Hooks &amp#27;[95m:86&amp#27;[m] &amp#27;[38;5;54m @Before Step Hooks &amp#27;[0m
  
  
18:51:18.776 INFO  [StepNameListener &amp#27;[95m:35&amp#27;[m] &amp#27;[38;5;208m================================================================&amp#27;[0m
18:51:18.776 WARN  [StepNameListener &amp#27;[95m:36&amp#27;[m] &amp#27;[38;5;208mExecuting step: click on Login button
18:51:18.776 INFO  [StepNameListener &amp#27;[95m:37&amp#27;[m] &amp#27;[38;5;208m================================================================&amp#27;[0m
  
18:51:18.777 INFO  [HomePage_POM &amp#27;[95m:117&amp#27;[m] clicking on login button
18:51:19.406 INFO  [CommonMethods &amp#27;[95m:388&amp#27;[m] element is visible and Clickable
18:51:20.392 ERROR [HomePage_POM &amp#27;[95m:126&amp#27;[m] &amp#27;[31;1morg.openqa.selenium.UnhandledAlertException: unexpected alert open: {Alert text : User is not valid}
  (Session info: MicrosoftEdge=143.0.3650.96): User is not valid
Build info: version: '4.35.0', revision: '1c58e5028b'
System info: os.name: 'Windows 10', os.arch: 'amd64', os.version: '10.0', java.version: '21.0.9'
Driver info: org.openqa.selenium.edge.EdgeDriver
Command: [628202fe30300a0dea323e3cb3586183, executeScript {args=[], script=return document.readyState}]
Capabilities {acceptInsecureCerts: false, browserName: MicrosoftEdge, browserVersion: 143.0.3650.96, fedcm:accounts: true, goog:processID: 16308, ms:edgeOptions: {debuggerAddress: localhost:2891}, msedge: {msedgedriverVersion: 143.0.3650.96 (d55fe85d0141..., userDataDir: C:\Users\evans\AppData\Loca...}, networkConnectionEnabled: false, pageLoadStrategy: normal, platformName: windows, proxy: Proxy(), se:cdp: ws://localhost:2891/devtool..., se:cdpVersion: 143.0.3650.96, setWindowRect: true, strictFileInteractability: false, timeouts: {implicit: 0, pageLoad: 300000, script: 30000}, unhandledPromptBehavior: dismiss and notify, webauthn:extension:credBlob: true, webauthn:extension:largeBlob: true, webauthn:extension:minPinLength: true, webauthn:extension:prf: true, webauthn:virtualAuthenticators: true}
Session ID: 628202fe30300a0dea323e3cb3586183&amp#27;[0m
18:51:20.394 INFO  [SftAssert &amp#27;[95m:93&amp#27;[m] &amp#27;[31;1mAssert Failed :------------------------ Alert generated and Text is as expected [Expected: User is not valid, Actual: null]&amp#27;[0m
  &amp#27;[32mThen &amp#27;[0m&amp#27;[32mclick on Login button&amp#27;[0m                                                   &amp#27;[90m# eal.step_definitions.Login_StepD.click_on_button()&amp#27;[0m
18:51:21.087 INFO  [Hooks &amp#27;[95m:91&amp#27;[m] &amp#27;[38;5;54m  @after step hook &amp#27;[0m
18:51:21.087 INFO  [CommonMethods &amp#27;[95m:990&amp#27;[m] Capturing Screenshot

    Embedding Verify_logging_in_with_Invalid_credentials_in_Login_Homepage_1767397881087 [image/png 52714 bytes]

18:51:21.155 INFO  [CommonMethods &amp#27;[95m:995&amp#27;[m] Screenshot Attached
18:51:21.157 INFO  [Hooks &amp#27;[95m:86&amp#27;[m] &amp#27;[38;5;54m @Before Step Hooks &amp#27;[0m
  
  
18:51:21.158 INFO  [StepNameListener &amp#27;[95m:35&amp#27;[m] &amp#27;[38;5;208m================================================================&amp#27;[0m
18:51:21.159 WARN  [StepNameListener &amp#27;[95m:36&amp#27;[m] &amp#27;[38;5;208mExecuting step: Click on "OK" button from the alert
18:51:21.163 INFO  [StepNameListener &amp#27;[95m:37&amp#27;[m] &amp#27;[38;5;208m================================================================&amp#27;[0m
  
18:51:21.169 ERROR [CommonMethods &amp#27;[95m:821&amp#27;[m] &amp#27;[31;1morg.openqa.selenium.NoAlertPresentException: no such alert
  (Session info: MicrosoftEdge=143.0.3650.96)
Build info: version: '4.35.0', revision: '1c58e5028b'
System info: os.name: 'Windows 10', os.arch: 'amd64', os.version: '10.0', java.version: '21.0.9'
Driver info: org.openqa.selenium.edge.EdgeDriver
Command: [628202fe30300a0dea323e3cb3586183, getAlertText {}]
Capabilities {acceptInsecureCerts: false, browserName: MicrosoftEdge, browserVersion: 143.0.3650.96, fedcm:accounts: true, goog:processID: 16308, ms:edgeOptions: {debuggerAddress: localhost:2891}, msedge: {msedgedriverVersion: 143.0.3650.96 (d55fe85d0141..., userDataDir: C:\Users\evans\AppData\Loca...}, networkConnectionEnabled: false, pageLoadStrategy: normal, platformName: windows, proxy: Proxy(), se:cdp: ws://localhost:2891/devtool..., se:cdpVersion: 143.0.3650.96, setWindowRect: true, strictFileInteractability: false, timeouts: {implicit: 0, pageLoad: 300000, script: 30000}, unhandledPromptBehavior: dismiss and notify, webauthn:extension:credBlob: true, webauthn:extension:largeBlob: true, webauthn:extension:minPinLength: true, webauthn:extension:prf: true, webauthn:virtualAuthenticators: true}
Session ID: 628202fe30300a0dea323e3cb3586183&amp#27;[0m
18:51:21.170 INFO  [HomePage_POM &amp#27;[95m:42&amp#27;[m] Getting the Actual title
18:51:21.175 INFO  [HomePage_POM &amp#27;[95m:44&amp#27;[m] Got the Title
18:51:21.176 INFO  [SftAssert &amp#27;[95m:81&amp#27;[m] &amp#27;[34;1mAssert Passed :---------------------- Alert accepted and user came back to homepage&amp#27;[0m
  &amp#27;[32mThen &amp#27;[0m&amp#27;[32mClick on &amp#27;[0m&amp#27;[32m&amp#27;[1m"OK"&amp#27;[0m&amp#27;[32m button from the alert&amp#27;[0m                                     &amp#27;[90m# eal.step_definitions.Login_StepD.click_on_button_from_the_alert(java.lang.String)&amp#27;[0m
18:51:21.177 INFO  [Hooks &amp#27;[95m:91&amp#27;[m] &amp#27;[38;5;54m  @after step hook &amp#27;[0m
18:51:21.177 INFO  [CommonMethods &amp#27;[95m:990&amp#27;[m] Capturing Screenshot

    Embedding Verify_logging_in_with_Invalid_credentials_in_Login_Homepage_1767397881177 [image/png 52714 bytes]

18:51:21.250 INFO  [CommonMethods &amp#27;[95m:995&amp#27;[m] Screenshot Attached
18:51:21.253 INFO  [Hooks &amp#27;[95m:98&amp#27;[m] &amp#27;[38;5;54m @after hook &amp#27;[0m
18:51:21.254 INFO  [Hooks &amp#27;[95m:99&amp#27;[m] &amp#27;[32;1m================================================================&amp#27;[0m
18:51:21.256 INFO  [Hooks &amp#27;[95m:100&amp#27;[m] &amp#27;[38;5;54mVerify logging in with Invalid credentials in Login Homepage :- Status - PASSED&amp#27;[0m
18:51:21.257 INFO  [Hooks &amp#27;[95m:101&amp#27;[m] &amp#27;[32;1m================================================================&amp#27;[0m
      &amp#27;[31mjava.lang.AssertionError: The following asserts failed:
	Alert generated and Text is as expected expected [User is not valid] but found [null]
	at org.testng.asserts.SoftAssert.assertAll(SoftAssert.java:46)
	at org.testng.asserts.SoftAssert.assertAll(SoftAssert.java:30)
	at eal.utilities.SftAssert.assertAll(SftAssert.java:127)
	at eal.hooks.Hooks.after(Hooks.java:114)
&amp#27;[0m
]]></system-out>
    <system-err><![CDATA[Jan 02, 2026 6:51:12 PM org.openqa.selenium.devtools.CdpVersionFinder findNearestMatch
WARNING: Unable to find an exact match for CDP version 143, returning the closest version; found: 139; Please update to a Selenium version that supports CDP version 143
]]></system-err>
  </testcase>
  <testcase name="Verify logging in with Invalid credentials in Login Homepage #2" classname="Testing Homepage Items and Login related test cases ." time="6.714">
    <failure message="The following asserts failed:&#10;	Alert generated and Text is as expected expected [User is not valid] but found [null]" type="java.lang.AssertionError"><![CDATA[java.lang.AssertionError: 
The following asserts failed:
	Alert generated and Text is as expected expected [User is not valid] but found [null]
	at org.testng.asserts.SoftAssert.assertAll(SoftAssert.java:46)
	at org.testng.asserts.SoftAssert.assertAll(SoftAssert.java:30)
	at eal.utilities.SftAssert.assertAll(SftAssert.java:127)
	at eal.hooks.Hooks.after(Hooks.java:114)
]]></failure>
    <system-out><![CDATA[
@login @homepage @allTest @InvalidLogin
Scenario Outline: Verify logging in with Invalid credentials in Login Homepage &amp#27;[90m# src/test/resources/features/2_TCSSet1/1_Login.feature:19&amp#27;[0m
18:51:21.311 INFO  [Hooks &amp#27;[95m:58&amp#27;[m] &amp#27;[38;5;54m @Before hook- Runs before every tcs &amp#27;[0m
18:51:21.311 INFO  [Hooks &amp#27;[95m:60&amp#27;[m] &amp#27;[32;1m================================================================&amp#27;[0m
18:51:21.311 INFO  [Hooks &amp#27;[95m:62&amp#27;[m] &amp#27;[32;1mScenario Title: Verify logging in with Invalid credentials in Login Homepage&amp#27;[0m
18:51:21.312 INFO  [Hooks &amp#27;[95m:63&amp#27;[m] &amp#27;[32;1m================================================================&amp#27;[0m
18:51:21.350 INFO  [Hooks &amp#27;[95m:86&amp#27;[m] &amp#27;[38;5;54m @Before Step Hooks &amp#27;[0m
  
  
18:51:21.353 INFO  [StepNameListener &amp#27;[95m:35&amp#27;[m] &amp#27;[38;5;208m================================================================&amp#27;[0m
18:51:21.354 WARN  [StepNameListener &amp#27;[95m:36&amp#27;[m] &amp#27;[38;5;208mExecuting step: Validate User landed on homepage
18:51:21.359 INFO  [StepNameListener &amp#27;[95m:37&amp#27;[m] &amp#27;[38;5;208m================================================================&amp#27;[0m
  
18:51:21.361 INFO  [Login_StepD &amp#27;[95m:18&amp#27;[m] Verify Title
18:51:21.361 INFO  [HomePage_POM &amp#27;[95m:42&amp#27;[m] Getting the Actual title
18:51:21.377 INFO  [HomePage_POM &amp#27;[95m:44&amp#27;[m] Got the Title
18:51:21.378 INFO  [Login_StepD &amp#27;[95m:22&amp#27;[m] Performing Assertion 
18:51:21.378 INFO  [SftAssert &amp#27;[95m:81&amp#27;[m] &amp#27;[34;1mAssert Passed :---------------------- Title Matched Successfully&amp#27;[0m
  &amp#27;[32mGiven &amp#27;[0m&amp#27;[32mValidate User landed on homepage&amp#27;[0m                                       &amp#27;[90m# eal.step_definitions.Login_StepD.validate_user_landed_on_homepage()&amp#27;[0m
18:51:21.382 INFO  [Hooks &amp#27;[95m:91&amp#27;[m] &amp#27;[38;5;54m  @after step hook &amp#27;[0m
18:51:21.383 INFO  [CommonMethods &amp#27;[95m:990&amp#27;[m] Capturing Screenshot

    Embedding Verify_logging_in_with_Invalid_credentials_in_Login_Homepage_1767397881382 [image/png 52714 bytes]

18:51:21.488 INFO  [CommonMethods &amp#27;[95m:995&amp#27;[m] Screenshot Attached
18:51:21.489 INFO  [Hooks &amp#27;[95m:86&amp#27;[m] &amp#27;[38;5;54m @Before Step Hooks &amp#27;[0m
  
  
18:51:21.490 INFO  [StepNameListener &amp#27;[95m:35&amp#27;[m] &amp#27;[38;5;208m================================================================&amp#27;[0m
18:51:21.490 WARN  [StepNameListener &amp#27;[95m:36&amp#27;[m] &amp#27;[38;5;208mExecuting step: Pass "mngr646768" on "UserID" Field
18:51:21.491 INFO  [StepNameListener &amp#27;[95m:37&amp#27;[m] &amp#27;[38;5;208m================================================================&amp#27;[0m
  
18:51:21.491 INFO  [HomePage_POM &amp#27;[95m:91&amp#27;[m] //td[contains(text(),'UserID')]/following-sibling::td/input
18:51:22.268 INFO  [HomePage_POM &amp#27;[95m:97&amp#27;[m] Clicking on Fields
18:51:22.841 INFO  [CommonMethods &amp#27;[95m:388&amp#27;[m] element is visible and Clickable
18:51:23.310 INFO  [HomePage_POM &amp#27;[95m:100&amp#27;[m] passing value: mngr646768
18:51:23.436 INFO  [CommonMethods &amp#27;[95m:1686&amp#27;[m] ✅ Text 'mngr646768' successfully entered into element: [[EdgeDriver: MicrosoftEdge on windows (628202fe30300a0dea323e3cb3586183)] -> xpath: //td[contains(text(),'UserID')]/following-sibling::td/input]
18:51:23.437 INFO  [HomePage_POM &amp#27;[95m:103&amp#27;[m] get the field value to make sure it is filled up properly
18:51:23.445 INFO  [SftAssert &amp#27;[95m:81&amp#27;[m] &amp#27;[34;1mAssert Passed :---------------------- Field is filled up&amp#27;[0m
  &amp#27;[32mGiven &amp#27;[0m&amp#27;[32mPass &amp#27;[0m&amp#27;[32m&amp#27;[1m"mngr646768"&amp#27;[0m&amp#27;[32m on &amp#27;[0m&amp#27;[32m&amp#27;[1m"UserID"&amp#27;[0m&amp#27;[32m Field&amp#27;[0m                                    &amp#27;[90m# eal.step_definitions.Login_StepD.pass_on_field(java.lang.String,java.lang.String)&amp#27;[0m
18:51:23.450 INFO  [Hooks &amp#27;[95m:91&amp#27;[m] &amp#27;[38;5;54m  @after step hook &amp#27;[0m
18:51:23.450 INFO  [CommonMethods &amp#27;[95m:990&amp#27;[m] Capturing Screenshot

    Embedding Verify_logging_in_with_Invalid_credentials_in_Login_Homepage_1767397883450 [image/png 54782 bytes]

18:51:23.544 INFO  [CommonMethods &amp#27;[95m:995&amp#27;[m] Screenshot Attached
18:51:23.545 INFO  [Hooks &amp#27;[95m:86&amp#27;[m] &amp#27;[38;5;54m @Before Step Hooks &amp#27;[0m
  
  
18:51:23.547 INFO  [StepNameListener &amp#27;[95m:35&amp#27;[m] &amp#27;[38;5;208m================================================================&amp#27;[0m
18:51:23.547 WARN  [StepNameListener &amp#27;[95m:36&amp#27;[m] &amp#27;[38;5;208mExecuting step: Pass "0000000" on "Password" Field
18:51:23.547 INFO  [StepNameListener &amp#27;[95m:37&amp#27;[m] &amp#27;[38;5;208m================================================================&amp#27;[0m
  
18:51:23.548 INFO  [HomePage_POM &amp#27;[95m:91&amp#27;[m] //td[contains(text(),'Password')]/following-sibling::td/input
18:51:24.322 INFO  [HomePage_POM &amp#27;[95m:97&amp#27;[m] Clicking on Fields
18:51:24.896 INFO  [CommonMethods &amp#27;[95m:388&amp#27;[m] element is visible and Clickable
18:51:25.356 INFO  [HomePage_POM &amp#27;[95m:100&amp#27;[m] passing value: 0000000
18:51:25.479 INFO  [CommonMethods &amp#27;[95m:1686&amp#27;[m] ✅ Text '0000000' successfully entered into element: [[EdgeDriver: MicrosoftEdge on windows (628202fe30300a0dea323e3cb3586183)] -> xpath: //td[contains(text(),'Password')]/following-sibling::td/input]
18:51:25.480 INFO  [HomePage_POM &amp#27;[95m:103&amp#27;[m] get the field value to make sure it is filled up properly
18:51:25.493 INFO  [SftAssert &amp#27;[95m:81&amp#27;[m] &amp#27;[34;1mAssert Passed :---------------------- Field is filled up&amp#27;[0m
  &amp#27;[32mAnd &amp#27;[0m&amp#27;[32mPass &amp#27;[0m&amp#27;[32m&amp#27;[1m"0000000"&amp#27;[0m&amp#27;[32m on &amp#27;[0m&amp#27;[32m&amp#27;[1m"Password"&amp#27;[0m&amp#27;[32m Field&amp#27;[0m                                       &amp#27;[90m# eal.step_definitions.Login_StepD.pass_on_field(java.lang.String,java.lang.String)&amp#27;[0m
18:51:25.494 INFO  [Hooks &amp#27;[95m:91&amp#27;[m] &amp#27;[38;5;54m  @after step hook &amp#27;[0m
18:51:25.494 INFO  [CommonMethods &amp#27;[95m:990&amp#27;[m] Capturing Screenshot

    Embedding Verify_logging_in_with_Invalid_credentials_in_Login_Homepage_1767397885494 [image/png 55493 bytes]

18:51:25.557 INFO  [CommonMethods &amp#27;[95m:995&amp#27;[m] Screenshot Attached
18:51:25.558 INFO  [Hooks &amp#27;[95m:86&amp#27;[m] &amp#27;[38;5;54m @Before Step Hooks &amp#27;[0m
  
  
18:51:25.559 INFO  [StepNameListener &amp#27;[95m:35&amp#27;[m] &amp#27;[38;5;208m================================================================&amp#27;[0m
18:51:25.559 WARN  [StepNameListener &amp#27;[95m:36&amp#27;[m] &amp#27;[38;5;208mExecuting step: click on Login button
18:51:25.559 INFO  [StepNameListener &amp#27;[95m:37&amp#27;[m] &amp#27;[38;5;208m================================================================&amp#27;[0m
  
18:51:25.559 INFO  [HomePage_POM &amp#27;[95m:117&amp#27;[m] clicking on login button
18:51:26.185 INFO  [CommonMethods &amp#27;[95m:388&amp#27;[m] element is visible and Clickable
18:51:27.134 ERROR [HomePage_POM &amp#27;[95m:126&amp#27;[m] &amp#27;[31;1morg.openqa.selenium.UnhandledAlertException: unexpected alert open: {Alert text : User is not valid}
  (Session info: MicrosoftEdge=143.0.3650.96): User is not valid
Build info: version: '4.35.0', revision: '1c58e5028b'
System info: os.name: 'Windows 10', os.arch: 'amd64', os.version: '10.0', java.version: '21.0.9'
Driver info: org.openqa.selenium.edge.EdgeDriver
Command: [628202fe30300a0dea323e3cb3586183, executeScript {args=[], script=return document.readyState}]
Capabilities {acceptInsecureCerts: false, browserName: MicrosoftEdge, browserVersion: 143.0.3650.96, fedcm:accounts: true, goog:processID: 16308, ms:edgeOptions: {debuggerAddress: localhost:2891}, msedge: {msedgedriverVersion: 143.0.3650.96 (d55fe85d0141..., userDataDir: C:\Users\evans\AppData\Loca...}, networkConnectionEnabled: false, pageLoadStrategy: normal, platformName: windows, proxy: Proxy(), se:cdp: ws://localhost:2891/devtool..., se:cdpVersion: 143.0.3650.96, setWindowRect: true, strictFileInteractability: false, timeouts: {implicit: 0, pageLoad: 300000, script: 30000}, unhandledPromptBehavior: dismiss and notify, webauthn:extension:credBlob: true, webauthn:extension:largeBlob: true, webauthn:extension:minPinLength: true, webauthn:extension:prf: true, webauthn:virtualAuthenticators: true}
Session ID: 628202fe30300a0dea323e3cb3586183&amp#27;[0m
18:51:27.135 INFO  [SftAssert &amp#27;[95m:93&amp#27;[m] &amp#27;[31;1mAssert Failed :------------------------ Alert generated and Text is as expected [Expected: User is not valid, Actual: null]&amp#27;[0m
  &amp#27;[32mThen &amp#27;[0m&amp#27;[32mclick on Login button&amp#27;[0m                                                   &amp#27;[90m# eal.step_definitions.Login_StepD.click_on_button()&amp#27;[0m
18:51:27.830 INFO  [Hooks &amp#27;[95m:91&amp#27;[m] &amp#27;[38;5;54m  @after step hook &amp#27;[0m
18:51:27.830 INFO  [CommonMethods &amp#27;[95m:990&amp#27;[m] Capturing Screenshot

    Embedding Verify_logging_in_with_Invalid_credentials_in_Login_Homepage_1767397887830 [image/png 52431 bytes]

18:51:27.910 INFO  [CommonMethods &amp#27;[95m:995&amp#27;[m] Screenshot Attached
18:51:27.912 INFO  [Hooks &amp#27;[95m:86&amp#27;[m] &amp#27;[38;5;54m @Before Step Hooks &amp#27;[0m
  
  
18:51:27.913 INFO  [StepNameListener &amp#27;[95m:35&amp#27;[m] &amp#27;[38;5;208m================================================================&amp#27;[0m
18:51:27.914 WARN  [StepNameListener &amp#27;[95m:36&amp#27;[m] &amp#27;[38;5;208mExecuting step: Click on "OK" button from the alert
18:51:27.914 INFO  [StepNameListener &amp#27;[95m:37&amp#27;[m] &amp#27;[38;5;208m================================================================&amp#27;[0m
  
18:51:27.917 ERROR [CommonMethods &amp#27;[95m:821&amp#27;[m] &amp#27;[31;1morg.openqa.selenium.NoAlertPresentException: no such alert
  (Session info: MicrosoftEdge=143.0.3650.96)
Build info: version: '4.35.0', revision: '1c58e5028b'
System info: os.name: 'Windows 10', os.arch: 'amd64', os.version: '10.0', java.version: '21.0.9'
Driver info: org.openqa.selenium.edge.EdgeDriver
Command: [628202fe30300a0dea323e3cb3586183, getAlertText {}]
Capabilities {acceptInsecureCerts: false, browserName: MicrosoftEdge, browserVersion: 143.0.3650.96, fedcm:accounts: true, goog:processID: 16308, ms:edgeOptions: {debuggerAddress: localhost:2891}, msedge: {msedgedriverVersion: 143.0.3650.96 (d55fe85d0141..., userDataDir: C:\Users\evans\AppData\Loca...}, networkConnectionEnabled: false, pageLoadStrategy: normal, platformName: windows, proxy: Proxy(), se:cdp: ws://localhost:2891/devtool..., se:cdpVersion: 143.0.3650.96, setWindowRect: true, strictFileInteractability: false, timeouts: {implicit: 0, pageLoad: 300000, script: 30000}, unhandledPromptBehavior: dismiss and notify, webauthn:extension:credBlob: true, webauthn:extension:largeBlob: true, webauthn:extension:minPinLength: true, webauthn:extension:prf: true, webauthn:virtualAuthenticators: true}
Session ID: 628202fe30300a0dea323e3cb3586183&amp#27;[0m
18:51:27.917 INFO  [HomePage_POM &amp#27;[95m:42&amp#27;[m] Getting the Actual title
18:51:27.925 INFO  [HomePage_POM &amp#27;[95m:44&amp#27;[m] Got the Title
18:51:27.925 INFO  [SftAssert &amp#27;[95m:81&amp#27;[m] &amp#27;[34;1mAssert Passed :---------------------- Alert accepted and user came back to homepage&amp#27;[0m
  &amp#27;[32mThen &amp#27;[0m&amp#27;[32mClick on &amp#27;[0m&amp#27;[32m&amp#27;[1m"OK"&amp#27;[0m&amp#27;[32m button from the alert&amp#27;[0m                                     &amp#27;[90m# eal.step_definitions.Login_StepD.click_on_button_from_the_alert(java.lang.String)&amp#27;[0m
18:51:27.927 INFO  [Hooks &amp#27;[95m:91&amp#27;[m] &amp#27;[38;5;54m  @after step hook &amp#27;[0m
18:51:27.927 INFO  [CommonMethods &amp#27;[95m:990&amp#27;[m] Capturing Screenshot

    Embedding Verify_logging_in_with_Invalid_credentials_in_Login_Homepage_1767397887927 [image/png 52431 bytes]

18:51:28.001 INFO  [CommonMethods &amp#27;[95m:995&amp#27;[m] Screenshot Attached
18:51:28.003 INFO  [Hooks &amp#27;[95m:98&amp#27;[m] &amp#27;[38;5;54m @after hook &amp#27;[0m
18:51:28.004 INFO  [Hooks &amp#27;[95m:99&amp#27;[m] &amp#27;[32;1m================================================================&amp#27;[0m
18:51:28.004 INFO  [Hooks &amp#27;[95m:100&amp#27;[m] &amp#27;[38;5;54mVerify logging in with Invalid credentials in Login Homepage :- Status - PASSED&amp#27;[0m
18:51:28.004 INFO  [Hooks &amp#27;[95m:101&amp#27;[m] &amp#27;[32;1m================================================================&amp#27;[0m
      &amp#27;[31mjava.lang.AssertionError: The following asserts failed:
	Alert generated and Text is as expected expected [User is not valid] but found [null]
	at org.testng.asserts.SoftAssert.assertAll(SoftAssert.java:46)
	at org.testng.asserts.SoftAssert.assertAll(SoftAssert.java:30)
	at eal.utilities.SftAssert.assertAll(SftAssert.java:127)
	at eal.hooks.Hooks.after(Hooks.java:114)
&amp#27;[0m
]]></system-out>
  </testcase>
  <testcase name="Verify logging in with Invalid credentials in Login Homepage #3" classname="Testing Homepage Items and Login related test cases ." time="6.343">
    <failure message="The following asserts failed:&#10;	Alert generated and Text is as expected expected [User is not valid] but found [null]" type="java.lang.AssertionError"><![CDATA[java.lang.AssertionError: 
The following asserts failed:
	Alert generated and Text is as expected expected [User is not valid] but found [null]
	at org.testng.asserts.SoftAssert.assertAll(SoftAssert.java:46)
	at org.testng.asserts.SoftAssert.assertAll(SoftAssert.java:30)
	at eal.utilities.SftAssert.assertAll(SftAssert.java:127)
	at eal.hooks.Hooks.after(Hooks.java:114)
]]></failure>
    <system-out><![CDATA[
@login @homepage @allTest @InvalidLogin
Scenario Outline: Verify logging in with Invalid credentials in Login Homepage &amp#27;[90m# src/test/resources/features/2_TCSSet1/1_Login.feature:21&amp#27;[0m
18:51:28.026 INFO  [Hooks &amp#27;[95m:58&amp#27;[m] &amp#27;[38;5;54m @Before hook- Runs before every tcs &amp#27;[0m
18:51:28.026 INFO  [Hooks &amp#27;[95m:60&amp#27;[m] &amp#27;[32;1m================================================================&amp#27;[0m
18:51:28.026 INFO  [Hooks &amp#27;[95m:62&amp#27;[m] &amp#27;[32;1mScenario Title: Verify logging in with Invalid credentials in Login Homepage&amp#27;[0m
18:51:28.027 INFO  [Hooks &amp#27;[95m:63&amp#27;[m] &amp#27;[32;1m================================================================&amp#27;[0m
18:51:28.044 INFO  [Hooks &amp#27;[95m:86&amp#27;[m] &amp#27;[38;5;54m @Before Step Hooks &amp#27;[0m
  
  
18:51:28.045 INFO  [StepNameListener &amp#27;[95m:35&amp#27;[m] &amp#27;[38;5;208m================================================================&amp#27;[0m
18:51:28.045 WARN  [StepNameListener &amp#27;[95m:36&amp#27;[m] &amp#27;[38;5;208mExecuting step: Validate User landed on homepage
18:51:28.045 INFO  [StepNameListener &amp#27;[95m:37&amp#27;[m] &amp#27;[38;5;208m================================================================&amp#27;[0m
  
18:51:28.046 INFO  [Login_StepD &amp#27;[95m:18&amp#27;[m] Verify Title
18:51:28.046 INFO  [HomePage_POM &amp#27;[95m:42&amp#27;[m] Getting the Actual title
18:51:28.049 INFO  [HomePage_POM &amp#27;[95m:44&amp#27;[m] Got the Title
18:51:28.050 INFO  [Login_StepD &amp#27;[95m:22&amp#27;[m] Performing Assertion 
18:51:28.050 INFO  [SftAssert &amp#27;[95m:81&amp#27;[m] &amp#27;[34;1mAssert Passed :---------------------- Title Matched Successfully&amp#27;[0m
  &amp#27;[32mGiven &amp#27;[0m&amp#27;[32mValidate User landed on homepage&amp#27;[0m                                       &amp#27;[90m# eal.step_definitions.Login_StepD.validate_user_landed_on_homepage()&amp#27;[0m
18:51:28.050 INFO  [Hooks &amp#27;[95m:91&amp#27;[m] &amp#27;[38;5;54m  @after step hook &amp#27;[0m
18:51:28.051 INFO  [CommonMethods &amp#27;[95m:990&amp#27;[m] Capturing Screenshot

    Embedding Verify_logging_in_with_Invalid_credentials_in_Login_Homepage_1767397888051 [image/png 52431 bytes]

18:51:28.129 INFO  [CommonMethods &amp#27;[95m:995&amp#27;[m] Screenshot Attached
18:51:28.129 INFO  [Hooks &amp#27;[95m:86&amp#27;[m] &amp#27;[38;5;54m @Before Step Hooks &amp#27;[0m
  
  
18:51:28.130 INFO  [StepNameListener &amp#27;[95m:35&amp#27;[m] &amp#27;[38;5;208m================================================================&amp#27;[0m
18:51:28.130 WARN  [StepNameListener &amp#27;[95m:36&amp#27;[m] &amp#27;[38;5;208mExecuting step: Pass "mngr111" on "UserID" Field
18:51:28.130 INFO  [StepNameListener &amp#27;[95m:37&amp#27;[m] &amp#27;[38;5;208m================================================================&amp#27;[0m
  
18:51:28.131 INFO  [HomePage_POM &amp#27;[95m:91&amp#27;[m] //td[contains(text(),'UserID')]/following-sibling::td/input
18:51:28.912 INFO  [HomePage_POM &amp#27;[95m:97&amp#27;[m] Clicking on Fields
18:51:29.464 INFO  [CommonMethods &amp#27;[95m:388&amp#27;[m] element is visible and Clickable
18:51:29.928 INFO  [HomePage_POM &amp#27;[95m:100&amp#27;[m] passing value: mngr111
18:51:30.034 INFO  [CommonMethods &amp#27;[95m:1686&amp#27;[m] ✅ Text 'mngr111' successfully entered into element: [[EdgeDriver: MicrosoftEdge on windows (628202fe30300a0dea323e3cb3586183)] -> xpath: //td[contains(text(),'UserID')]/following-sibling::td/input]
18:51:30.034 INFO  [HomePage_POM &amp#27;[95m:103&amp#27;[m] get the field value to make sure it is filled up properly
18:51:30.042 INFO  [SftAssert &amp#27;[95m:81&amp#27;[m] &amp#27;[34;1mAssert Passed :---------------------- Field is filled up&amp#27;[0m
  &amp#27;[32mGiven &amp#27;[0m&amp#27;[32mPass &amp#27;[0m&amp#27;[32m&amp#27;[1m"mngr111"&amp#27;[0m&amp#27;[32m on &amp#27;[0m&amp#27;[32m&amp#27;[1m"UserID"&amp#27;[0m&amp#27;[32m Field&amp#27;[0m                                       &amp#27;[90m# eal.step_definitions.Login_StepD.pass_on_field(java.lang.String,java.lang.String)&amp#27;[0m
18:51:30.043 INFO  [Hooks &amp#27;[95m:91&amp#27;[m] &amp#27;[38;5;54m  @after step hook &amp#27;[0m
18:51:30.044 INFO  [CommonMethods &amp#27;[95m:990&amp#27;[m] Capturing Screenshot

    Embedding Verify_logging_in_with_Invalid_credentials_in_Login_Homepage_1767397890044 [image/png 53454 bytes]

18:51:30.104 INFO  [CommonMethods &amp#27;[95m:995&amp#27;[m] Screenshot Attached
18:51:30.104 INFO  [Hooks &amp#27;[95m:86&amp#27;[m] &amp#27;[38;5;54m @Before Step Hooks &amp#27;[0m
  
  
18:51:30.105 INFO  [StepNameListener &amp#27;[95m:35&amp#27;[m] &amp#27;[38;5;208m================================================================&amp#27;[0m
18:51:30.105 WARN  [StepNameListener &amp#27;[95m:36&amp#27;[m] &amp#27;[38;5;208mExecuting step: Pass "nebEsAg" on "Password" Field
18:51:30.105 INFO  [StepNameListener &amp#27;[95m:37&amp#27;[m] &amp#27;[38;5;208m================================================================&amp#27;[0m
  
18:51:30.106 INFO  [HomePage_POM &amp#27;[95m:91&amp#27;[m] //td[contains(text(),'Password')]/following-sibling::td/input
18:51:30.863 INFO  [HomePage_POM &amp#27;[95m:97&amp#27;[m] Clicking on Fields
18:51:31.424 INFO  [CommonMethods &amp#27;[95m:388&amp#27;[m] element is visible and Clickable
18:51:31.875 INFO  [HomePage_POM &amp#27;[95m:100&amp#27;[m] passing value: nebEsAg
18:51:31.975 INFO  [CommonMethods &amp#27;[95m:1686&amp#27;[m] ✅ Text 'nebEsAg' successfully entered into element: [[EdgeDriver: MicrosoftEdge on windows (628202fe30300a0dea323e3cb3586183)] -> xpath: //td[contains(text(),'Password')]/following-sibling::td/input]
18:51:31.976 INFO  [HomePage_POM &amp#27;[95m:103&amp#27;[m] get the field value to make sure it is filled up properly
18:51:31.983 INFO  [SftAssert &amp#27;[95m:81&amp#27;[m] &amp#27;[34;1mAssert Passed :---------------------- Field is filled up&amp#27;[0m
  &amp#27;[32mAnd &amp#27;[0m&amp#27;[32mPass &amp#27;[0m&amp#27;[32m&amp#27;[1m"nebEsAg"&amp#27;[0m&amp#27;[32m on &amp#27;[0m&amp#27;[32m&amp#27;[1m"Password"&amp#27;[0m&amp#27;[32m Field&amp#27;[0m                                       &amp#27;[90m# eal.step_definitions.Login_StepD.pass_on_field(java.lang.String,java.lang.String)&amp#27;[0m
18:51:31.984 INFO  [Hooks &amp#27;[95m:91&amp#27;[m] &amp#27;[38;5;54m  @after step hook &amp#27;[0m
18:51:31.984 INFO  [CommonMethods &amp#27;[95m:990&amp#27;[m] Capturing Screenshot

    Embedding Verify_logging_in_with_Invalid_credentials_in_Login_Homepage_1767397891984 [image/png 54180 bytes]

18:51:32.049 INFO  [CommonMethods &amp#27;[95m:995&amp#27;[m] Screenshot Attached
18:51:32.049 INFO  [Hooks &amp#27;[95m:86&amp#27;[m] &amp#27;[38;5;54m @Before Step Hooks &amp#27;[0m
  
  
18:51:32.050 INFO  [StepNameListener &amp#27;[95m:35&amp#27;[m] &amp#27;[38;5;208m================================================================&amp#27;[0m
18:51:32.050 WARN  [StepNameListener &amp#27;[95m:36&amp#27;[m] &amp#27;[38;5;208mExecuting step: click on Login button
18:51:32.050 INFO  [StepNameListener &amp#27;[95m:37&amp#27;[m] &amp#27;[38;5;208m================================================================&amp#27;[0m
  
18:51:32.051 INFO  [HomePage_POM &amp#27;[95m:117&amp#27;[m] clicking on login button
18:51:32.653 INFO  [CommonMethods &amp#27;[95m:388&amp#27;[m] element is visible and Clickable
18:51:33.599 ERROR [HomePage_POM &amp#27;[95m:126&amp#27;[m] &amp#27;[31;1morg.openqa.selenium.UnhandledAlertException: unexpected alert open: {Alert text : User is not valid}
  (Session info: MicrosoftEdge=143.0.3650.96): User is not valid
Build info: version: '4.35.0', revision: '1c58e5028b'
System info: os.name: 'Windows 10', os.arch: 'amd64', os.version: '10.0', java.version: '21.0.9'
Driver info: org.openqa.selenium.edge.EdgeDriver
Command: [628202fe30300a0dea323e3cb3586183, executeScript {args=[], script=return document.readyState}]
Capabilities {acceptInsecureCerts: false, browserName: MicrosoftEdge, browserVersion: 143.0.3650.96, fedcm:accounts: true, goog:processID: 16308, ms:edgeOptions: {debuggerAddress: localhost:2891}, msedge: {msedgedriverVersion: 143.0.3650.96 (d55fe85d0141..., userDataDir: C:\Users\evans\AppData\Loca...}, networkConnectionEnabled: false, pageLoadStrategy: normal, platformName: windows, proxy: Proxy(), se:cdp: ws://localhost:2891/devtool..., se:cdpVersion: 143.0.3650.96, setWindowRect: true, strictFileInteractability: false, timeouts: {implicit: 0, pageLoad: 300000, script: 30000}, unhandledPromptBehavior: dismiss and notify, webauthn:extension:credBlob: true, webauthn:extension:largeBlob: true, webauthn:extension:minPinLength: true, webauthn:extension:prf: true, webauthn:virtualAuthenticators: true}
Session ID: 628202fe30300a0dea323e3cb3586183&amp#27;[0m
18:51:33.599 INFO  [SftAssert &amp#27;[95m:93&amp#27;[m] &amp#27;[31;1mAssert Failed :------------------------ Alert generated and Text is as expected [Expected: User is not valid, Actual: null]&amp#27;[0m
  &amp#27;[32mThen &amp#27;[0m&amp#27;[32mclick on Login button&amp#27;[0m                                                   &amp#27;[90m# eal.step_definitions.Login_StepD.click_on_button()&amp#27;[0m
18:51:34.136 INFO  [Hooks &amp#27;[95m:91&amp#27;[m] &amp#27;[38;5;54m  @after step hook &amp#27;[0m
18:51:34.136 INFO  [CommonMethods &amp#27;[95m:990&amp#27;[m] Capturing Screenshot

    Embedding Verify_logging_in_with_Invalid_credentials_in_Login_Homepage_1767397894136 [image/png 52431 bytes]

18:51:34.217 INFO  [CommonMethods &amp#27;[95m:995&amp#27;[m] Screenshot Attached
18:51:34.221 INFO  [Hooks &amp#27;[95m:86&amp#27;[m] &amp#27;[38;5;54m @Before Step Hooks &amp#27;[0m
  
  
18:51:34.222 INFO  [StepNameListener &amp#27;[95m:35&amp#27;[m] &amp#27;[38;5;208m================================================================&amp#27;[0m
18:51:34.222 WARN  [StepNameListener &amp#27;[95m:36&amp#27;[m] &amp#27;[38;5;208mExecuting step: Click on "OK" button from the alert
18:51:34.223 INFO  [StepNameListener &amp#27;[95m:37&amp#27;[m] &amp#27;[38;5;208m================================================================&amp#27;[0m
  
18:51:34.226 ERROR [CommonMethods &amp#27;[95m:821&amp#27;[m] &amp#27;[31;1morg.openqa.selenium.NoAlertPresentException: no such alert
  (Session info: MicrosoftEdge=143.0.3650.96)
Build info: version: '4.35.0', revision: '1c58e5028b'
System info: os.name: 'Windows 10', os.arch: 'amd64', os.version: '10.0', java.version: '21.0.9'
Driver info: org.openqa.selenium.edge.EdgeDriver
Command: [628202fe30300a0dea323e3cb3586183, getAlertText {}]
Capabilities {acceptInsecureCerts: false, browserName: MicrosoftEdge, browserVersion: 143.0.3650.96, fedcm:accounts: true, goog:processID: 16308, ms:edgeOptions: {debuggerAddress: localhost:2891}, msedge: {msedgedriverVersion: 143.0.3650.96 (d55fe85d0141..., userDataDir: C:\Users\evans\AppData\Loca...}, networkConnectionEnabled: false, pageLoadStrategy: normal, platformName: windows, proxy: Proxy(), se:cdp: ws://localhost:2891/devtool..., se:cdpVersion: 143.0.3650.96, setWindowRect: true, strictFileInteractability: false, timeouts: {implicit: 0, pageLoad: 300000, script: 30000}, unhandledPromptBehavior: dismiss and notify, webauthn:extension:credBlob: true, webauthn:extension:largeBlob: true, webauthn:extension:minPinLength: true, webauthn:extension:prf: true, webauthn:virtualAuthenticators: true}
Session ID: 628202fe30300a0dea323e3cb3586183&amp#27;[0m
18:51:34.226 INFO  [HomePage_POM &amp#27;[95m:42&amp#27;[m] Getting the Actual title
18:51:34.231 INFO  [HomePage_POM &amp#27;[95m:44&amp#27;[m] Got the Title
18:51:34.232 INFO  [SftAssert &amp#27;[95m:81&amp#27;[m] &amp#27;[34;1mAssert Passed :---------------------- Alert accepted and user came back to homepage&amp#27;[0m
  &amp#27;[32mThen &amp#27;[0m&amp#27;[32mClick on &amp#27;[0m&amp#27;[32m&amp#27;[1m"OK"&amp#27;[0m&amp#27;[32m button from the alert&amp#27;[0m                                     &amp#27;[90m# eal.step_definitions.Login_StepD.click_on_button_from_the_alert(java.lang.String)&amp#27;[0m
18:51:34.233 INFO  [Hooks &amp#27;[95m:91&amp#27;[m] &amp#27;[38;5;54m  @after step hook &amp#27;[0m
18:51:34.233 INFO  [CommonMethods &amp#27;[95m:990&amp#27;[m] Capturing Screenshot

    Embedding Verify_logging_in_with_Invalid_credentials_in_Login_Homepage_1767397894233 [image/png 52431 bytes]

18:51:34.348 INFO  [CommonMethods &amp#27;[95m:995&amp#27;[m] Screenshot Attached
18:51:34.349 INFO  [Hooks &amp#27;[95m:98&amp#27;[m] &amp#27;[38;5;54m @after hook &amp#27;[0m
18:51:34.350 INFO  [Hooks &amp#27;[95m:99&amp#27;[m] &amp#27;[32;1m================================================================&amp#27;[0m
18:51:34.350 INFO  [Hooks &amp#27;[95m:100&amp#27;[m] &amp#27;[38;5;54mVerify logging in with Invalid credentials in Login Homepage :- Status - PASSED&amp#27;[0m
18:51:34.350 INFO  [Hooks &amp#27;[95m:101&amp#27;[m] &amp#27;[32;1m================================================================&amp#27;[0m
      &amp#27;[31mjava.lang.AssertionError: The following asserts failed:
	Alert generated and Text is as expected expected [User is not valid] but found [null]
	at org.testng.asserts.SoftAssert.assertAll(SoftAssert.java:46)
	at org.testng.asserts.SoftAssert.assertAll(SoftAssert.java:30)
	at eal.utilities.SftAssert.assertAll(SftAssert.java:127)
	at eal.hooks.Hooks.after(Hooks.java:114)
&amp#27;[0m
]]></system-out>
  </testcase>
</testsuite>