<?xml version="1.0" encoding="UTF-8"?>
<testsuite xmlns:xsi="http://www.w3.org/2001/XMLSchema-instance" xsi:noNamespaceSchemaLocation="https://maven.apache.org/surefire/maven-surefire-plugin/xsd/surefire-test-report.xsd" version="3.0.1" name="eal.runners.ealrunner" time="27.899" tests="3" errors="0" skipped="0" failures="3">
  <properties>
    <property name="java.specification.version" value="21"/>
    <property name="sun.cpu.isalist" value="amd64"/>
    <property name="sun.jnu.encoding" value="Cp1252"/>
    <property name="java.class.path" value="G:\EAL Teach\Shams Workspaces\Shams_ws1\Cucumber_2025\cucumber2025\target\test-classes;G:\EAL Teach\Shams Workspaces\Shams_ws1\Cucumber_2025\cucumber2025\target\classes;C:\Users\evans\.m2\repository\org\junit\jupiter\junit-jupiter-api\5.11.0\junit-jupiter-api-5.11.0.jar;C:\Users\evans\.m2\repository\org\opentest4j\opentest4j\1.3.0\opentest4j-1.3.0.jar;C:\Users\evans\.m2\repository\org\junit\platform\junit-platform-commons\1.11.0\junit-platform-commons-1.11.0.jar;C:\Users\evans\.m2\repository\org\apiguardian\apiguardian-api\1.1.2\apiguardian-api-1.1.2.jar;C:\Users\evans\.m2\repository\org\junit\jupiter\junit-jupiter-params\5.11.0\junit-jupiter-params-5.11.0.jar;C:\Users\evans\.m2\repository\org\junit\jupiter\junit-jupiter-engine\5.11.0\junit-jupiter-engine-5.11.0.jar;C:\Users\evans\.m2\repository\org\junit\platform\junit-platform-engine\1.11.0\junit-platform-engine-1.11.0.jar;C:\Users\evans\.m2\repository\org\junit\vintage\junit-vintage-engine\5.11.0\junit-vintage-engine-5.11.0.jar;C:\Users\evans\.m2\repository\junit\junit\4.13.2\junit-4.13.2.jar;C:\Users\evans\.m2\repository\org\hamcrest\hamcrest-core\1.3\hamcrest-core-1.3.jar;C:\Users\evans\.m2\repository\org\seleniumhq\selenium\selenium-java\4.35.0\selenium-java-4.35.0.jar;C:\Users\evans\.m2\repository\org\seleniumhq\selenium\selenium-api\4.35.0\selenium-api-4.35.0.jar;C:\Users\evans\.m2\repository\org\jspecify\jspecify\1.0.0\jspecify-1.0.0.jar;C:\Users\evans\.m2\repository\org\seleniumhq\selenium\selenium-chrome-driver\4.35.0\selenium-chrome-driver-4.35.0.jar;C:\Users\evans\.m2\repository\com\google\auto\service\auto-service-annotations\1.1.1\auto-service-annotations-1.1.1.jar;C:\Users\evans\.m2\repository\org\seleniumhq\selenium\selenium-chromium-driver\4.35.0\selenium-chromium-driver-4.35.0.jar;C:\Users\evans\.m2\repository\org\seleniumhq\selenium\selenium-json\4.35.0\selenium-json-4.35.0.jar;C:\Users\evans\.m2\repository\org\seleniumhq\selenium\selenium-manager\4.35.0\selenium-manager-4.35.0.jar;C:\Users\evans\.m2\repository\org\seleniumhq\selenium\selenium-devtools-v137\4.35.0\selenium-devtools-v137-4.35.0.jar;C:\Users\evans\.m2\repository\org\seleniumhq\selenium\selenium-devtools-v138\4.35.0\selenium-devtools-v138-4.35.0.jar;C:\Users\evans\.m2\repository\org\seleniumhq\selenium\selenium-devtools-v139\4.35.0\selenium-devtools-v139-4.35.0.jar;C:\Users\evans\.m2\repository\org\seleniumhq\selenium\selenium-edge-driver\4.35.0\selenium-edge-driver-4.35.0.jar;C:\Users\evans\.m2\repository\org\seleniumhq\selenium\selenium-firefox-driver\4.35.0\selenium-firefox-driver-4.35.0.jar;C:\Users\evans\.m2\repository\org\seleniumhq\selenium\selenium-http\4.35.0\selenium-http-4.35.0.jar;C:\Users\evans\.m2\repository\org\seleniumhq\selenium\selenium-ie-driver\4.35.0\selenium-ie-driver-4.35.0.jar;C:\Users\evans\.m2\repository\org\seleniumhq\selenium\selenium-remote-driver\4.35.0\selenium-remote-driver-4.35.0.jar;C:\Users\evans\.m2\repository\com\google\guava\guava\33.4.8-jre\guava-33.4.8-jre.jar;C:\Users\evans\.m2\repository\com\google\guava\failureaccess\1.0.3\failureaccess-1.0.3.jar;C:\Users\evans\.m2\repository\com\google\guava\listenablefuture\9999.0-empty-to-avoid-conflict-with-guava\listenablefuture-9999.0-empty-to-avoid-conflict-with-guava.jar;C:\Users\evans\.m2\repository\com\google\errorprone\error_prone_annotations\2.36.0\error_prone_annotations-2.36.0.jar;C:\Users\evans\.m2\repository\com\google\j2objc\j2objc-annotations\3.0.0\j2objc-annotations-3.0.0.jar;C:\Users\evans\.m2\repository\io\opentelemetry\opentelemetry-api\1.53.0\opentelemetry-api-1.53.0.jar;C:\Users\evans\.m2\repository\io\opentelemetry\opentelemetry-context\1.53.0\opentelemetry-context-1.53.0.jar;C:\Users\evans\.m2\repository\io\opentelemetry\opentelemetry-common\1.53.0\opentelemetry-common-1.53.0.jar;C:\Users\evans\.m2\repository\io\opentelemetry\opentelemetry-exporter-logging\1.53.0\opentelemetry-exporter-logging-1.53.0.jar;C:\Users\evans\.m2\repository\io\opentelemetry\opentelemetry-sdk-common\1.53.0\opentelemetry-sdk-common-1.53.0.jar;C:\Users\evans\.m2\repository\io\opentelemetry\opentelemetry-sdk-extension-autoconfigure-spi\1.53.0\opentelemetry-sdk-extension-autoconfigure-spi-1.53.0.jar;C:\Users\evans\.m2\repository\io\opentelemetry\opentelemetry-sdk-extension-autoconfigure\1.53.0\opentelemetry-sdk-extension-autoconfigure-1.53.0.jar;C:\Users\evans\.m2\repository\io\opentelemetry\opentelemetry-sdk-trace\1.53.0\opentelemetry-sdk-trace-1.53.0.jar;C:\Users\evans\.m2\repository\io\opentelemetry\opentelemetry-sdk\1.53.0\opentelemetry-sdk-1.53.0.jar;C:\Users\evans\.m2\repository\io\opentelemetry\opentelemetry-sdk-metrics\1.53.0\opentelemetry-sdk-metrics-1.53.0.jar;C:\Users\evans\.m2\repository\io\opentelemetry\opentelemetry-sdk-logs\1.53.0\opentelemetry-sdk-logs-1.53.0.jar;C:\Users\evans\.m2\repository\net\bytebuddy\byte-buddy\1.17.6\byte-buddy-1.17.6.jar;C:\Users\evans\.m2\repository\org\seleniumhq\selenium\selenium-os\4.35.0\selenium-os-4.35.0.jar;C:\Users\evans\.m2\repository\org\apache\commons\commons-exec\1.5.0\commons-exec-1.5.0.jar;C:\Users\evans\.m2\repository\org\seleniumhq\selenium\selenium-safari-driver\4.35.0\selenium-safari-driver-4.35.0.jar;C:\Users\evans\.m2\repository\org\seleniumhq\selenium\selenium-support\4.35.0\selenium-support-4.35.0.jar;C:\Users\evans\.m2\repository\org\testng\testng\7.8.0\testng-7.8.0.jar;C:\Users\evans\.m2\repository\org\slf4j\slf4j-api\1.7.36\slf4j-api-1.7.36.jar;C:\Users\evans\.m2\repository\com\beust\jcommander\1.82\jcommander-1.82.jar;C:\Users\evans\.m2\repository\org\webjars\jquery\3.6.1\jquery-3.6.1.jar;C:\Users\evans\.m2\repository\org\apache\poi\poi\3.17\poi-3.17.jar;C:\Users\evans\.m2\repository\commons-codec\commons-codec\1.10\commons-codec-1.10.jar;C:\Users\evans\.m2\repository\org\apache\commons\commons-collections4\4.1\commons-collections4-4.1.jar;C:\Users\evans\.m2\repository\org\apache\poi\poi-ooxml\3.17\poi-ooxml-3.17.jar;C:\Users\evans\.m2\repository\org\apache\poi\poi-ooxml-schemas\3.17\poi-ooxml-schemas-3.17.jar;C:\Users\evans\.m2\repository\org\apache\xmlbeans\xmlbeans\2.6.0\xmlbeans-2.6.0.jar;C:\Users\evans\.m2\repository\stax\stax-api\1.0.1\stax-api-1.0.1.jar;C:\Users\evans\.m2\repository\com\github\virtuald\curvesapi\1.04\curvesapi-1.04.jar;C:\Users\evans\.m2\repository\org\apache\logging\log4j\log4j-core\2.23.1\log4j-core-2.23.1.jar;C:\Users\evans\.m2\repository\org\apache\logging\log4j\log4j-api\2.23.1\log4j-api-2.23.1.jar;C:\Users\evans\.m2\repository\com\aventstack\extentreports\5.1.1\extentreports-5.1.1.jar;C:\Users\evans\.m2\repository\io\reactivex\rxjava3\rxjava\3.1.6\rxjava-3.1.6.jar;C:\Users\evans\.m2\repository\org\reactivestreams\reactive-streams\1.0.4\reactive-streams-1.0.4.jar;C:\Users\evans\.m2\repository\org\freemarker\freemarker\2.3.32\freemarker-2.3.32.jar;C:\Users\evans\.m2\repository\org\projectlombok\lombok\1.18.26\lombok-1.18.26.jar;C:\Users\evans\.m2\repository\com\google\code\gson\gson\2.10.1\gson-2.10.1.jar;C:\Users\evans\.m2\repository\io\rest-assured\rest-assured\3.1.1\rest-assured-3.1.1.jar;C:\Users\evans\.m2\repository\org\codehaus\groovy\groovy\2.4.12\groovy-2.4.12.jar;C:\Users\evans\.m2\repository\org\codehaus\groovy\groovy-xml\2.4.12\groovy-xml-2.4.12.jar;C:\Users\evans\.m2\repository\org\apache\httpcomponents\httpmime\4.5.1\httpmime-4.5.1.jar;C:\Users\evans\.m2\repository\org\hamcrest\hamcrest-library\1.3\hamcrest-library-1.3.jar;C:\Users\evans\.m2\repository\org\ccil\cowan\tagsoup\tagsoup\1.2.1\tagsoup-1.2.1.jar;C:\Users\evans\.m2\repository\io\rest-assured\json-path\3.1.1\json-path-3.1.1.jar;C:\Users\evans\.m2\repository\org\codehaus\groovy\groovy-json\2.4.12\groovy-json-2.4.12.jar;C:\Users\evans\.m2\repository\io\rest-assured\xml-path\3.1.1\xml-path-3.1.1.jar;C:\Users\evans\.m2\repository\javax\xml\bind\jaxb-api\2.2.12\jaxb-api-2.2.12.jar;C:\Users\evans\.m2\repository\io\rest-assured\rest-assured-common\5.3.2\rest-assured-common-5.3.2.jar;C:\Users\evans\.m2\repository\org\apache\groovy\groovy\4.0.11\groovy-4.0.11.jar;C:\Users\evans\.m2\repository\org\apache\commons\commons-lang3\3.11\commons-lang3-3.11.jar;C:\Users\evans\.m2\repository\io\cucumber\cucumber-core\7.17.0\cucumber-core-7.17.0.jar;C:\Users\evans\.m2\repository\io\cucumber\cucumber-gherkin\7.17.0\cucumber-gherkin-7.17.0.jar;C:\Users\evans\.m2\repository\io\cucumber\cucumber-gherkin-messages\7.17.0\cucumber-gherkin-messages-7.17.0.jar;C:\Users\evans\.m2\repository\io\cucumber\gherkin\28.0.0\gherkin-28.0.0.jar;C:\Users\evans\.m2\repository\io\cucumber\messages\24.1.0\messages-24.1.0.jar;C:\Users\evans\.m2\repository\io\cucumber\testng-xml-formatter\0.1.0\testng-xml-formatter-0.1.0.jar;C:\Users\evans\.m2\repository\io\cucumber\query\12.2.0\query-12.2.0.jar;C:\Users\evans\.m2\repository\io\cucumber\tag-expressions\6.1.0\tag-expressions-6.1.0.jar;C:\Users\evans\.m2\repository\io\cucumber\cucumber-expressions\17.1.0\cucumber-expressions-17.1.0.jar;C:\Users\evans\.m2\repository\io\cucumber\datatable\7.17.0\datatable-7.17.0.jar;C:\Users\evans\.m2\repository\io\cucumber\cucumber-plugin\7.17.0\cucumber-plugin-7.17.0.jar;C:\Users\evans\.m2\repository\io\cucumber\docstring\7.17.0\docstring-7.17.0.jar;C:\Users\evans\.m2\repository\io\cucumber\html-formatter\21.3.1\html-formatter-21.3.1.jar;C:\Users\evans\.m2\repository\io\cucumber\junit-xml-formatter\0.4.0\junit-xml-formatter-0.4.0.jar;C:\Users\evans\.m2\repository\io\cucumber\ci-environment\10.0.1\ci-environment-10.0.1.jar;C:\Users\evans\.m2\repository\io\cucumber\cucumber-java\7.14.0\cucumber-java-7.14.0.jar;C:\Users\evans\.m2\repository\io\cucumber\cucumber-junit\7.14.0\cucumber-junit-7.14.0.jar;C:\Users\evans\.m2\repository\com\vimalselvam\cucumber-extentsreport\3.1.1\cucumber-extentsreport-3.1.1.jar;C:\Users\evans\.m2\repository\io\cucumber\cucumber-testng\7.14.0\cucumber-testng-7.14.0.jar;C:\Users\evans\.m2\repository\io\cucumber\cucumber-picocontainer\7.0.0\cucumber-picocontainer-7.0.0.jar;C:\Users\evans\.m2\repository\org\picocontainer\picocontainer\2.15\picocontainer-2.15.jar;C:\Users\evans\.m2\repository\tech\grasshopper\extentreports-cucumber7-adapter\1.14.0\extentreports-cucumber7-adapter-1.14.0.jar;C:\Users\evans\.m2\repository\tech\grasshopper\extent-pdf-report\2.12.0\extent-pdf-report-2.12.0.jar;C:\Users\evans\.m2\repository\tech\grasshopper\cucumber-pdf-report\2.14.0\cucumber-pdf-report-2.14.0.jar;C:\Users\evans\.m2\repository\org\apache\pdfbox\pdfbox\2.0.26\pdfbox-2.0.26.jar;C:\Users\evans\.m2\repository\org\apache\pdfbox\fontbox\2.0.26\fontbox-2.0.26.jar;C:\Users\evans\.m2\repository\org\knowm\xchart\xchart\3.8.0\xchart-3.8.0.jar;C:\Users\evans\.m2\repository\de\erichseifert\vectorgraphics2d\VectorGraphics2D\0.13\VectorGraphics2D-0.13.jar;C:\Users\evans\.m2\repository\de\rototor\pdfbox\graphics2d\0.30\graphics2d-0.30.jar;C:\Users\evans\.m2\repository\com\madgag\animated-gif-lib\1.4\animated-gif-lib-1.4.jar;C:\Users\evans\.m2\repository\org\yaml\snakeyaml\2.0\snakeyaml-2.0.jar;C:\Users\evans\.m2\repository\tech\grasshopper\table-layout\1.5.1\table-layout-1.5.1.jar;C:\Users\evans\.m2\repository\tech\grasshopper\rest-assured-cucumber-pdf-report\1.5.0\rest-assured-cucumber-pdf-report-1.5.0.jar;C:\Users\evans\.m2\repository\org\jsoup\jsoup\1.15.3\jsoup-1.15.3.jar;C:\Users\evans\.m2\repository\com\aventstack\klov-reporter\5.1.0\klov-reporter-5.1.0.jar;C:\Users\evans\.m2\repository\org\mongodb\mongodb-driver\3.6.4\mongodb-driver-3.6.4.jar;C:\Users\evans\.m2\repository\org\mongodb\mongodb-driver-core\3.6.4\mongodb-driver-core-3.6.4.jar;C:\Users\evans\.m2\repository\org\mongodb\bson\3.6.4\bson-3.6.4.jar;C:\Users\evans\.m2\repository\tech\grasshopper\htmlextentreporter\1.1.0\htmlextentreporter-1.1.0.jar;C:\Users\evans\.m2\repository\tech\grasshopper\extent-excel-report\1.4.0\extent-excel-report-1.4.0.jar;C:\Users\evans\.m2\repository\commons-io\commons-io\2.16.1\commons-io-2.16.1.jar;C:\Users\evans\.m2\repository\org\apache\tomcat\tomcat-jdbc\9.0.22\tomcat-jdbc-9.0.22.jar;C:\Users\evans\.m2\repository\org\apache\tomcat\tomcat-juli\9.0.22\tomcat-juli-9.0.22.jar;C:\Users\evans\.m2\repository\org\springframework\spring-jdbc\5.1.5.RELEASE\spring-jdbc-5.1.5.RELEASE.jar;C:\Users\evans\.m2\repository\org\springframework\spring-beans\5.1.5.RELEASE\spring-beans-5.1.5.RELEASE.jar;C:\Users\evans\.m2\repository\org\springframework\spring-core\5.1.5.RELEASE\spring-core-5.1.5.RELEASE.jar;C:\Users\evans\.m2\repository\org\springframework\spring-jcl\5.1.5.RELEASE\spring-jcl-5.1.5.RELEASE.jar;C:\Users\evans\.m2\repository\org\springframework\spring-tx\5.1.5.RELEASE\spring-tx-5.1.5.RELEASE.jar;C:\Users\evans\.m2\repository\com\github\javafaker\javafaker\0.16\javafaker-0.16.jar;C:\Users\evans\.m2\repository\org\yaml\snakeyaml\1.20\snakeyaml-1.20-android.jar;C:\Users\evans\.m2\repository\com\github\mifmif\generex\1.0.2\generex-1.0.2.jar;C:\Users\evans\.m2\repository\dk\brics\automaton\automaton\1.11-8\automaton-1.11-8.jar;C:\Users\evans\.m2\repository\org\postgresql\postgresql\42.3.9\postgresql-42.3.9.jar;C:\Users\evans\.m2\repository\org\checkerframework\checker-qual\3.5.0\checker-qual-3.5.0.jar;C:\Users\evans\.m2\repository\net\sourceforge\htmlunit\webdriver\2.6\webdriver-2.6.jar;C:\Users\evans\.m2\repository\org\seleniumhq\webdriver\webdriver-common\0.9.7089\webdriver-common-0.9.7089.jar;C:\Users\evans\.m2\repository\net\sourceforge\htmlunit\htmlunit\2.6\htmlunit-2.6.jar;C:\Users\evans\.m2\repository\xalan\xalan\2.7.1\xalan-2.7.1.jar;C:\Users\evans\.m2\repository\xalan\serializer\2.7.1\serializer-2.7.1.jar;C:\Users\evans\.m2\repository\commons-collections\commons-collections\3.2.1\commons-collections-3.2.1.jar;C:\Users\evans\.m2\repository\commons-lang\commons-lang\2.4\commons-lang-2.4.jar;C:\Users\evans\.m2\repository\commons-httpclient\commons-httpclient\3.1\commons-httpclient-3.1.jar;C:\Users\evans\.m2\repository\net\sourceforge\htmlunit\htmlunit-core-js\2.6\htmlunit-core-js-2.6.jar;C:\Users\evans\.m2\repository\xerces\xercesImpl\2.9.1\xercesImpl-2.9.1.jar;C:\Users\evans\.m2\repository\xml-apis\xml-apis\1.3.04\xml-apis-1.3.04.jar;C:\Users\evans\.m2\repository\net\sourceforge\nekohtml\nekohtml\1.9.13\nekohtml-1.9.13.jar;C:\Users\evans\.m2\repository\net\sourceforge\cssparser\cssparser\0.9.5\cssparser-0.9.5.jar;C:\Users\evans\.m2\repository\org\w3c\css\sac\1.3\sac-1.3.jar;C:\Users\evans\.m2\repository\com\codoid\products\fillo\1.18\fillo-1.18.jar;C:\Users\evans\.m2\repository\org\apache\logging\log4j\log4j-slf4j-impl\2.18.0\log4j-slf4j-impl-2.18.0.jar;C:\Users\evans\.m2\repository\org\fusesource\jansi\jansi\2.4.0\jansi-2.4.0.jar;C:\Users\evans\.m2\repository\com\bettercloud\vault-java-driver\5.1.0\vault-java-driver-5.1.0.jar;C:\Users\evans\.m2\repository\software\amazon\awssdk\secretsmanager\2.32.25\secretsmanager-2.32.25.jar;C:\Users\evans\.m2\repository\software\amazon\awssdk\aws-json-protocol\2.32.25\aws-json-protocol-2.32.25.jar;C:\Users\evans\.m2\repository\software\amazon\awssdk\third-party-jackson-core\2.32.25\third-party-jackson-core-2.32.25.jar;C:\Users\evans\.m2\repository\software\amazon\awssdk\protocol-core\2.32.25\protocol-core-2.32.25.jar;C:\Users\evans\.m2\repository\software\amazon\awssdk\http-auth-aws\2.32.25\http-auth-aws-2.32.25.jar;C:\Users\evans\.m2\repository\software\amazon\awssdk\checksums-spi\2.32.25\checksums-spi-2.32.25.jar;C:\Users\evans\.m2\repository\software\amazon\awssdk\checksums\2.32.25\checksums-2.32.25.jar;C:\Users\evans\.m2\repository\software\amazon\awssdk\sdk-core\2.32.25\sdk-core-2.32.25.jar;C:\Users\evans\.m2\repository\software\amazon\awssdk\auth\2.32.25\auth-2.32.25.jar;C:\Users\evans\.m2\repository\software\amazon\awssdk\http-auth-aws-eventstream\2.32.25\http-auth-aws-eventstream-2.32.25.jar;C:\Users\evans\.m2\repository\software\amazon\awssdk\http-auth-spi\2.32.25\http-auth-spi-2.32.25.jar;C:\Users\evans\.m2\repository\software\amazon\awssdk\http-auth\2.32.25\http-auth-2.32.25.jar;C:\Users\evans\.m2\repository\software\amazon\awssdk\identity-spi\2.32.25\identity-spi-2.32.25.jar;C:\Users\evans\.m2\repository\software\amazon\awssdk\http-client-spi\2.32.25\http-client-spi-2.32.25.jar;C:\Users\evans\.m2\repository\software\amazon\awssdk\regions\2.32.25\regions-2.32.25.jar;C:\Users\evans\.m2\repository\software\amazon\awssdk\annotations\2.32.25\annotations-2.32.25.jar;C:\Users\evans\.m2\repository\software\amazon\awssdk\utils\2.32.25\utils-2.32.25.jar;C:\Users\evans\.m2\repository\software\amazon\awssdk\metrics-spi\2.32.25\metrics-spi-2.32.25.jar;C:\Users\evans\.m2\repository\software\amazon\awssdk\json-utils\2.32.25\json-utils-2.32.25.jar;C:\Users\evans\.m2\repository\software\amazon\awssdk\endpoints-spi\2.32.25\endpoints-spi-2.32.25.jar;C:\Users\evans\.m2\repository\software\amazon\awssdk\retries-spi\2.32.25\retries-spi-2.32.25.jar;C:\Users\evans\.m2\repository\software\amazon\awssdk\apache-client\2.32.25\apache-client-2.32.25.jar;C:\Users\evans\.m2\repository\software\amazon\awssdk\netty-nio-client\2.32.25\netty-nio-client-2.32.25.jar;C:\Users\evans\.m2\repository\io\netty\netty-codec-http\4.1.124.Final\netty-codec-http-4.1.124.Final.jar;C:\Users\evans\.m2\repository\io\netty\netty-codec-http2\4.1.124.Final\netty-codec-http2-4.1.124.Final.jar;C:\Users\evans\.m2\repository\io\netty\netty-codec\4.1.124.Final\netty-codec-4.1.124.Final.jar;C:\Users\evans\.m2\repository\io\netty\netty-transport\4.1.124.Final\netty-transport-4.1.124.Final.jar;C:\Users\evans\.m2\repository\io\netty\netty-common\4.1.124.Final\netty-common-4.1.124.Final.jar;C:\Users\evans\.m2\repository\io\netty\netty-buffer\4.1.124.Final\netty-buffer-4.1.124.Final.jar;C:\Users\evans\.m2\repository\io\netty\netty-handler\4.1.124.Final\netty-handler-4.1.124.Final.jar;C:\Users\evans\.m2\repository\io\netty\netty-transport-native-unix-common\4.1.124.Final\netty-transport-native-unix-common-4.1.124.Final.jar;C:\Users\evans\.m2\repository\io\netty\netty-transport-classes-epoll\4.1.124.Final\netty-transport-classes-epoll-4.1.124.Final.jar;C:\Users\evans\.m2\repository\io\netty\netty-resolver\4.1.124.Final\netty-resolver-4.1.124.Final.jar;C:\Users\evans\.m2\repository\com\amazonaws\secretsmanager\aws-secretsmanager-jdbc\2.0.2\aws-secretsmanager-jdbc-2.0.2.jar;C:\Users\evans\.m2\repository\com\amazonaws\secretsmanager\aws-secretsmanager-caching-java\2.0.0\aws-secretsmanager-caching-java-2.0.0.jar;C:\Users\evans\.m2\repository\com\github\spotbugs\spotbugs-annotations\4.7.3\spotbugs-annotations-4.7.3.jar;C:\Users\evans\.m2\repository\com\google\code\findbugs\jsr305\3.0.2\jsr305-3.0.2.jar;C:\Users\evans\.m2\repository\software\amazon\awssdk\aws-core\2.32.25\aws-core-2.32.25.jar;C:\Users\evans\.m2\repository\software\amazon\awssdk\profiles\2.32.25\profiles-2.32.25.jar;C:\Users\evans\.m2\repository\software\amazon\awssdk\retries\2.32.25\retries-2.32.25.jar;C:\Users\evans\.m2\repository\software\amazon\eventstream\eventstream\1.0.1\eventstream-1.0.1.jar;C:\Users\evans\.m2\repository\software\amazon\awssdk\test-utils\2.32.25\test-utils-2.32.25.jar;C:\Users\evans\.m2\repository\com\fasterxml\jackson\core\jackson-core\2.15.2\jackson-core-2.15.2.jar;C:\Users\evans\.m2\repository\org\junit\jupiter\junit-jupiter\5.11.0\junit-jupiter-5.11.0.jar;C:\Users\evans\.m2\repository\org\json\json\20240303\json-20240303.jar;C:\Users\evans\.m2\repository\org\apache\httpcomponents\httpclient\4.5.9\httpclient-4.5.9.jar;C:\Users\evans\.m2\repository\commons-logging\commons-logging\1.2\commons-logging-1.2.jar;C:\Users\evans\.m2\repository\org\apache\httpcomponents\httpcore\4.4.9\httpcore-4.4.9.jar;C:\Users\evans\.m2\repository\com\microsoft\sqlserver\mssql-jdbc\12.6.1.jre11\mssql-jdbc-12.6.1.jre11.jar;C:\Users\evans\.m2\repository\com\fasterxml\jackson\core\jackson-databind\2.16.1\jackson-databind-2.16.1.jar;C:\Users\evans\.m2\repository\com\fasterxml\jackson\core\jackson-annotations\2.16.1\jackson-annotations-2.16.1.jar;C:\Users\evans\.m2\repository\io\github\cdimascio\java-dotenv\5.2.2\java-dotenv-5.2.2.jar;C:\Users\evans\.m2\repository\org\jetbrains\kotlin\kotlin-stdlib\1.4.0\kotlin-stdlib-1.4.0.jar;C:\Users\evans\.m2\repository\org\jetbrains\kotlin\kotlin-stdlib-common\1.4.0\kotlin-stdlib-common-1.4.0.jar;C:\Users\evans\.m2\repository\org\jetbrains\annotations\13.0\annotations-13.0.jar;"/>
    <property name="java.vm.vendor" value="Oracle Corporation"/>
    <property name="sun.arch.data.model" value="64"/>
    <property name="user.variant" value=""/>
    <property name="java.vendor.url" value="https://java.oracle.com/"/>
    <property name="user.timezone" value="America/New_York"/>
    <property name="os.name" value="Windows 10"/>
    <property name="java.vm.specification.version" value="21"/>
    <property name="sun.java.launcher" value="SUN_STANDARD"/>
    <property name="user.country" value="US"/>
    <property name="sun.boot.library.path" value="C:\Program Files\Java\jdk-21\bin"/>
    <property name="sun.java.command" value="C:\Users\evans\AppData\Local\Temp\surefire5708047558270828335\surefirebooter-20260102185107042_3.jar C:\Users\evans\AppData\Local\Temp\surefire5708047558270828335 2026-01-02T18-51-06_765-jvmRun1 surefire-20260102185107042_1tmp surefire_0-20260102185107042_2tmp"/>
    <property name="jdk.debug" value="release"/>
    <property name="surefire.test.class.path" value="G:\EAL Teach\Shams Workspaces\Shams_ws1\Cucumber_2025\cucumber2025\target\test-classes;G:\EAL Teach\Shams Workspaces\Shams_ws1\Cucumber_2025\cucumber2025\target\classes;C:\Users\evans\.m2\repository\org\junit\jupiter\junit-jupiter-api\5.11.0\junit-jupiter-api-5.11.0.jar;C:\Users\evans\.m2\repository\org\opentest4j\opentest4j\1.3.0\opentest4j-1.3.0.jar;C:\Users\evans\.m2\repository\org\junit\platform\junit-platform-commons\1.11.0\junit-platform-commons-1.11.0.jar;C:\Users\evans\.m2\repository\org\apiguardian\apiguardian-api\1.1.2\apiguardian-api-1.1.2.jar;C:\Users\evans\.m2\repository\org\junit\jupiter\junit-jupiter-params\5.11.0\junit-jupiter-params-5.11.0.jar;C:\Users\evans\.m2\repository\org\junit\jupiter\junit-jupiter-engine\5.11.0\junit-jupiter-engine-5.11.0.jar;C:\Users\evans\.m2\repository\org\junit\platform\junit-platform-engine\1.11.0\junit-platform-engine-1.11.0.jar;C:\Users\evans\.m2\repository\org\junit\vintage\junit-vintage-engine\5.11.0\junit-vintage-engine-5.11.0.jar;C:\Users\evans\.m2\repository\junit\junit\4.13.2\junit-4.13.2.jar;C:\Users\evans\.m2\repository\org\hamcrest\hamcrest-core\1.3\hamcrest-core-1.3.jar;C:\Users\evans\.m2\repository\org\seleniumhq\selenium\selenium-java\4.35.0\selenium-java-4.35.0.jar;C:\Users\evans\.m2\repository\org\seleniumhq\selenium\selenium-api\4.35.0\selenium-api-4.35.0.jar;C:\Users\evans\.m2\repository\org\jspecify\jspecify\1.0.0\jspecify-1.0.0.jar;C:\Users\evans\.m2\repository\org\seleniumhq\selenium\selenium-chrome-driver\4.35.0\selenium-chrome-driver-4.35.0.jar;C:\Users\evans\.m2\repository\com\google\auto\service\auto-service-annotations\1.1.1\auto-service-annotations-1.1.1.jar;C:\Users\evans\.m2\repository\org\seleniumhq\selenium\selenium-chromium-driver\4.35.0\selenium-chromium-driver-4.35.0.jar;C:\Users\evans\.m2\repository\org\seleniumhq\selenium\selenium-json\4.35.0\selenium-json-4.35.0.jar;C:\Users\evans\.m2\repository\org\seleniumhq\selenium\selenium-manager\4.35.0\selenium-manager-4.35.0.jar;C:\Users\evans\.m2\repository\org\seleniumhq\selenium\selenium-devtools-v137\4.35.0\selenium-devtools-v137-4.35.0.jar;C:\Users\evans\.m2\repository\org\seleniumhq\selenium\selenium-devtools-v138\4.35.0\selenium-devtools-v138-4.35.0.jar;C:\Users\evans\.m2\repository\org\seleniumhq\selenium\selenium-devtools-v139\4.35.0\selenium-devtools-v139-4.35.0.jar;C:\Users\evans\.m2\repository\org\seleniumhq\selenium\selenium-edge-driver\4.35.0\selenium-edge-driver-4.35.0.jar;C:\Users\evans\.m2\repository\org\seleniumhq\selenium\selenium-firefox-driver\4.35.0\selenium-firefox-driver-4.35.0.jar;C:\Users\evans\.m2\repository\org\seleniumhq\selenium\selenium-http\4.35.0\selenium-http-4.35.0.jar;C:\Users\evans\.m2\repository\org\seleniumhq\selenium\selenium-ie-driver\4.35.0\selenium-ie-driver-4.35.0.jar;C:\Users\evans\.m2\repository\org\seleniumhq\selenium\selenium-remote-driver\4.35.0\selenium-remote-driver-4.35.0.jar;C:\Users\evans\.m2\repository\com\google\guava\guava\33.4.8-jre\guava-33.4.8-jre.jar;C:\Users\evans\.m2\repository\com\google\guava\failureaccess\1.0.3\failureaccess-1.0.3.jar;C:\Users\evans\.m2\repository\com\google\guava\listenablefuture\9999.0-empty-to-avoid-conflict-with-guava\listenablefuture-9999.0-empty-to-avoid-conflict-with-guava.jar;C:\Users\evans\.m2\repository\com\google\errorprone\error_prone_annotations\2.36.0\error_prone_annotations-2.36.0.jar;C:\Users\evans\.m2\repository\com\google\j2objc\j2objc-annotations\3.0.0\j2objc-annotations-3.0.0.jar;C:\Users\evans\.m2\repository\io\opentelemetry\opentelemetry-api\1.53.0\opentelemetry-api-1.53.0.jar;C:\Users\evans\.m2\repository\io\opentelemetry\opentelemetry-context\1.53.0\opentelemetry-context-1.53.0.jar;C:\Users\evans\.m2\repository\io\opentelemetry\opentelemetry-common\1.53.0\opentelemetry-common-1.53.0.jar;C:\Users\evans\.m2\repository\io\opentelemetry\opentelemetry-exporter-logging\1.53.0\opentelemetry-exporter-logging-1.53.0.jar;C:\Users\evans\.m2\repository\io\opentelemetry\opentelemetry-sdk-common\1.53.0\opentelemetry-sdk-common-1.53.0.jar;C:\Users\evans\.m2\repository\io\opentelemetry\opentelemetry-sdk-extension-autoconfigure-spi\1.53.0\opentelemetry-sdk-extension-autoconfigure-spi-1.53.0.jar;C:\Users\evans\.m2\repository\io\opentelemetry\opentelemetry-sdk-extension-autoconfigure\1.53.0\opentelemetry-sdk-extension-autoconfigure-1.53.0.jar;C:\Users\evans\.m2\repository\io\opentelemetry\opentelemetry-sdk-trace\1.53.0\opentelemetry-sdk-trace-1.53.0.jar;C:\Users\evans\.m2\repository\io\opentelemetry\opentelemetry-sdk\1.53.0\opentelemetry-sdk-1.53.0.jar;C:\Users\evans\.m2\repository\io\opentelemetry\opentelemetry-sdk-metrics\1.53.0\opentelemetry-sdk-metrics-1.53.0.jar;C:\Users\evans\.m2\repository\io\opentelemetry\opentelemetry-sdk-logs\1.53.0\opentelemetry-sdk-logs-1.53.0.jar;C:\Users\evans\.m2\repository\net\bytebuddy\byte-buddy\1.17.6\byte-buddy-1.17.6.jar;C:\Users\evans\.m2\repository\org\seleniumhq\selenium\selenium-os\4.35.0\selenium-os-4.35.0.jar;C:\Users\evans\.m2\repository\org\apache\commons\commons-exec\1.5.0\commons-exec-1.5.0.jar;C:\Users\evans\.m2\repository\org\seleniumhq\selenium\selenium-safari-driver\4.35.0\selenium-safari-driver-4.35.0.jar;C:\Users\evans\.m2\repository\org\seleniumhq\selenium\selenium-support\4.35.0\selenium-support-4.35.0.jar;C:\Users\evans\.m2\repository\org\testng\testng\7.8.0\testng-7.8.0.jar;C:\Users\evans\.m2\repository\org\slf4j\slf4j-api\1.7.36\slf4j-api-1.7.36.jar;C:\Users\evans\.m2\repository\com\beust\jcommander\1.82\jcommander-1.82.jar;C:\Users\evans\.m2\repository\org\webjars\jquery\3.6.1\jquery-3.6.1.jar;C:\Users\evans\.m2\repository\org\apache\poi\poi\3.17\poi-3.17.jar;C:\Users\evans\.m2\repository\commons-codec\commons-codec\1.10\commons-codec-1.10.jar;C:\Users\evans\.m2\repository\org\apache\commons\commons-collections4\4.1\commons-collections4-4.1.jar;C:\Users\evans\.m2\repository\org\apache\poi\poi-ooxml\3.17\poi-ooxml-3.17.jar;C:\Users\evans\.m2\repository\org\apache\poi\poi-ooxml-schemas\3.17\poi-ooxml-schemas-3.17.jar;C:\Users\evans\.m2\repository\org\apache\xmlbeans\xmlbeans\2.6.0\xmlbeans-2.6.0.jar;C:\Users\evans\.m2\repository\stax\stax-api\1.0.1\stax-api-1.0.1.jar;C:\Users\evans\.m2\repository\com\github\virtuald\curvesapi\1.04\curvesapi-1.04.jar;C:\Users\evans\.m2\repository\org\apache\logging\log4j\log4j-core\2.23.1\log4j-core-2.23.1.jar;C:\Users\evans\.m2\repository\org\apache\logging\log4j\log4j-api\2.23.1\log4j-api-2.23.1.jar;C:\Users\evans\.m2\repository\com\aventstack\extentreports\5.1.1\extentreports-5.1.1.jar;C:\Users\evans\.m2\repository\io\reactivex\rxjava3\rxjava\3.1.6\rxjava-3.1.6.jar;C:\Users\evans\.m2\repository\org\reactivestreams\reactive-streams\1.0.4\reactive-streams-1.0.4.jar;C:\Users\evans\.m2\repository\org\freemarker\freemarker\2.3.32\freemarker-2.3.32.jar;C:\Users\evans\.m2\repository\org\projectlombok\lombok\1.18.26\lombok-1.18.26.jar;C:\Users\evans\.m2\repository\com\google\code\gson\gson\2.10.1\gson-2.10.1.jar;C:\Users\evans\.m2\repository\io\rest-assured\rest-assured\3.1.1\rest-assured-3.1.1.jar;C:\Users\evans\.m2\repository\org\codehaus\groovy\groovy\2.4.12\groovy-2.4.12.jar;C:\Users\evans\.m2\repository\org\codehaus\groovy\groovy-xml\2.4.12\groovy-xml-2.4.12.jar;C:\Users\evans\.m2\repository\org\apache\httpcomponents\httpmime\4.5.1\httpmime-4.5.1.jar;C:\Users\evans\.m2\repository\org\hamcrest\hamcrest-library\1.3\hamcrest-library-1.3.jar;C:\Users\evans\.m2\repository\org\ccil\cowan\tagsoup\tagsoup\1.2.1\tagsoup-1.2.1.jar;C:\Users\evans\.m2\repository\io\rest-assured\json-path\3.1.1\json-path-3.1.1.jar;C:\Users\evans\.m2\repository\org\codehaus\groovy\groovy-json\2.4.12\groovy-json-2.4.12.jar;C:\Users\evans\.m2\repository\io\rest-assured\xml-path\3.1.1\xml-path-3.1.1.jar;C:\Users\evans\.m2\repository\javax\xml\bind\jaxb-api\2.2.12\jaxb-api-2.2.12.jar;C:\Users\evans\.m2\repository\io\rest-assured\rest-assured-common\5.3.2\rest-assured-common-5.3.2.jar;C:\Users\evans\.m2\repository\org\apache\groovy\groovy\4.0.11\groovy-4.0.11.jar;C:\Users\evans\.m2\repository\org\apache\commons\commons-lang3\3.11\commons-lang3-3.11.jar;C:\Users\evans\.m2\repository\io\cucumber\cucumber-core\7.17.0\cucumber-core-7.17.0.jar;C:\Users\evans\.m2\repository\io\cucumber\cucumber-gherkin\7.17.0\cucumber-gherkin-7.17.0.jar;C:\Users\evans\.m2\repository\io\cucumber\cucumber-gherkin-messages\7.17.0\cucumber-gherkin-messages-7.17.0.jar;C:\Users\evans\.m2\repository\io\cucumber\gherkin\28.0.0\gherkin-28.0.0.jar;C:\Users\evans\.m2\repository\io\cucumber\messages\24.1.0\messages-24.1.0.jar;C:\Users\evans\.m2\repository\io\cucumber\testng-xml-formatter\0.1.0\testng-xml-formatter-0.1.0.jar;C:\Users\evans\.m2\repository\io\cucumber\query\12.2.0\query-12.2.0.jar;C:\Users\evans\.m2\repository\io\cucumber\tag-expressions\6.1.0\tag-expressions-6.1.0.jar;C:\Users\evans\.m2\repository\io\cucumber\cucumber-expressions\17.1.0\cucumber-expressions-17.1.0.jar;C:\Users\evans\.m2\repository\io\cucumber\datatable\7.17.0\datatable-7.17.0.jar;C:\Users\evans\.m2\repository\io\cucumber\cucumber-plugin\7.17.0\cucumber-plugin-7.17.0.jar;C:\Users\evans\.m2\repository\io\cucumber\docstring\7.17.0\docstring-7.17.0.jar;C:\Users\evans\.m2\repository\io\cucumber\html-formatter\21.3.1\html-formatter-21.3.1.jar;C:\Users\evans\.m2\repository\io\cucumber\junit-xml-formatter\0.4.0\junit-xml-formatter-0.4.0.jar;C:\Users\evans\.m2\repository\io\cucumber\ci-environment\10.0.1\ci-environment-10.0.1.jar;C:\Users\evans\.m2\repository\io\cucumber\cucumber-java\7.14.0\cucumber-java-7.14.0.jar;C:\Users\evans\.m2\repository\io\cucumber\cucumber-junit\7.14.0\cucumber-junit-7.14.0.jar;C:\Users\evans\.m2\repository\com\vimalselvam\cucumber-extentsreport\3.1.1\cucumber-extentsreport-3.1.1.jar;C:\Users\evans\.m2\repository\io\cucumber\cucumber-testng\7.14.0\cucumber-testng-7.14.0.jar;C:\Users\evans\.m2\repository\io\cucumber\cucumber-picocontainer\7.0.0\cucumber-picocontainer-7.0.0.jar;C:\Users\evans\.m2\repository\org\picocontainer\picocontainer\2.15\picocontainer-2.15.jar;C:\Users\evans\.m2\repository\tech\grasshopper\extentreports-cucumber7-adapter\1.14.0\extentreports-cucumber7-adapter-1.14.0.jar;C:\Users\evans\.m2\repository\tech\grasshopper\extent-pdf-report\2.12.0\extent-pdf-report-2.12.0.jar;C:\Users\evans\.m2\repository\tech\grasshopper\cucumber-pdf-report\2.14.0\cucumber-pdf-report-2.14.0.jar;C:\Users\evans\.m2\repository\org\apache\pdfbox\pdfbox\2.0.26\pdfbox-2.0.26.jar;C:\Users\evans\.m2\repository\org\apache\pdfbox\fontbox\2.0.26\fontbox-2.0.26.jar;C:\Users\evans\.m2\repository\org\knowm\xchart\xchart\3.8.0\xchart-3.8.0.jar;C:\Users\evans\.m2\repository\de\erichseifert\vectorgraphics2d\VectorGraphics2D\0.13\VectorGraphics2D-0.13.jar;C:\Users\evans\.m2\repository\de\rototor\pdfbox\graphics2d\0.30\graphics2d-0.30.jar;C:\Users\evans\.m2\repository\com\madgag\animated-gif-lib\1.4\animated-gif-lib-1.4.jar;C:\Users\evans\.m2\repository\org\yaml\snakeyaml\2.0\snakeyaml-2.0.jar;C:\Users\evans\.m2\repository\tech\grasshopper\table-layout\1.5.1\table-layout-1.5.1.jar;C:\Users\evans\.m2\repository\tech\grasshopper\rest-assured-cucumber-pdf-report\1.5.0\rest-assured-cucumber-pdf-report-1.5.0.jar;C:\Users\evans\.m2\repository\org\jsoup\jsoup\1.15.3\jsoup-1.15.3.jar;C:\Users\evans\.m2\repository\com\aventstack\klov-reporter\5.1.0\klov-reporter-5.1.0.jar;C:\Users\evans\.m2\repository\org\mongodb\mongodb-driver\3.6.4\mongodb-driver-3.6.4.jar;C:\Users\evans\.m2\repository\org\mongodb\mongodb-driver-core\3.6.4\mongodb-driver-core-3.6.4.jar;C:\Users\evans\.m2\repository\org\mongodb\bson\3.6.4\bson-3.6.4.jar;C:\Users\evans\.m2\repository\tech\grasshopper\htmlextentreporter\1.1.0\htmlextentreporter-1.1.0.jar;C:\Users\evans\.m2\repository\tech\grasshopper\extent-excel-report\1.4.0\extent-excel-report-1.4.0.jar;C:\Users\evans\.m2\repository\commons-io\commons-io\2.16.1\commons-io-2.16.1.jar;C:\Users\evans\.m2\repository\org\apache\tomcat\tomcat-jdbc\9.0.22\tomcat-jdbc-9.0.22.jar;C:\Users\evans\.m2\repository\org\apache\tomcat\tomcat-juli\9.0.22\tomcat-juli-9.0.22.jar;C:\Users\evans\.m2\repository\org\springframework\spring-jdbc\5.1.5.RELEASE\spring-jdbc-5.1.5.RELEASE.jar;C:\Users\evans\.m2\repository\org\springframework\spring-beans\5.1.5.RELEASE\spring-beans-5.1.5.RELEASE.jar;C:\Users\evans\.m2\repository\org\springframework\spring-core\5.1.5.RELEASE\spring-core-5.1.5.RELEASE.jar;C:\Users\evans\.m2\repository\org\springframework\spring-jcl\5.1.5.RELEASE\spring-jcl-5.1.5.RELEASE.jar;C:\Users\evans\.m2\repository\org\springframework\spring-tx\5.1.5.RELEASE\spring-tx-5.1.5.RELEASE.jar;C:\Users\evans\.m2\repository\com\github\javafaker\javafaker\0.16\javafaker-0.16.jar;C:\Users\evans\.m2\repository\org\yaml\snakeyaml\1.20\snakeyaml-1.20-android.jar;C:\Users\evans\.m2\repository\com\github\mifmif\generex\1.0.2\generex-1.0.2.jar;C:\Users\evans\.m2\repository\dk\brics\automaton\automaton\1.11-8\automaton-1.11-8.jar;C:\Users\evans\.m2\repository\org\postgresql\postgresql\42.3.9\postgresql-42.3.9.jar;C:\Users\evans\.m2\repository\org\checkerframework\checker-qual\3.5.0\checker-qual-3.5.0.jar;C:\Users\evans\.m2\repository\net\sourceforge\htmlunit\webdriver\2.6\webdriver-2.6.jar;C:\Users\evans\.m2\repository\org\seleniumhq\webdriver\webdriver-common\0.9.7089\webdriver-common-0.9.7089.jar;C:\Users\evans\.m2\repository\net\sourceforge\htmlunit\htmlunit\2.6\htmlunit-2.6.jar;C:\Users\evans\.m2\repository\xalan\xalan\2.7.1\xalan-2.7.1.jar;C:\Users\evans\.m2\repository\xalan\serializer\2.7.1\serializer-2.7.1.jar;C:\Users\evans\.m2\repository\commons-collections\commons-collections\3.2.1\commons-collections-3.2.1.jar;C:\Users\evans\.m2\repository\commons-lang\commons-lang\2.4\commons-lang-2.4.jar;C:\Users\evans\.m2\repository\commons-httpclient\commons-httpclient\3.1\commons-httpclient-3.1.jar;C:\Users\evans\.m2\repository\net\sourceforge\htmlunit\htmlunit-core-js\2.6\htmlunit-core-js-2.6.jar;C:\Users\evans\.m2\repository\xerces\xercesImpl\2.9.1\xercesImpl-2.9.1.jar;C:\Users\evans\.m2\repository\xml-apis\xml-apis\1.3.04\xml-apis-1.3.04.jar;C:\Users\evans\.m2\repository\net\sourceforge\nekohtml\nekohtml\1.9.13\nekohtml-1.9.13.jar;C:\Users\evans\.m2\repository\net\sourceforge\cssparser\cssparser\0.9.5\cssparser-0.9.5.jar;C:\Users\evans\.m2\repository\org\w3c\css\sac\1.3\sac-1.3.jar;C:\Users\evans\.m2\repository\com\codoid\products\fillo\1.18\fillo-1.18.jar;C:\Users\evans\.m2\repository\org\apache\logging\log4j\log4j-slf4j-impl\2.18.0\log4j-slf4j-impl-2.18.0.jar;C:\Users\evans\.m2\repository\org\fusesource\jansi\jansi\2.4.0\jansi-2.4.0.jar;C:\Users\evans\.m2\repository\com\bettercloud\vault-java-driver\5.1.0\vault-java-driver-5.1.0.jar;C:\Users\evans\.m2\repository\software\amazon\awssdk\secretsmanager\2.32.25\secretsmanager-2.32.25.jar;C:\Users\evans\.m2\repository\software\amazon\awssdk\aws-json-protocol\2.32.25\aws-json-protocol-2.32.25.jar;C:\Users\evans\.m2\repository\software\amazon\awssdk\third-party-jackson-core\2.32.25\third-party-jackson-core-2.32.25.jar;C:\Users\evans\.m2\repository\software\amazon\awssdk\protocol-core\2.32.25\protocol-core-2.32.25.jar;C:\Users\evans\.m2\repository\software\amazon\awssdk\http-auth-aws\2.32.25\http-auth-aws-2.32.25.jar;C:\Users\evans\.m2\repository\software\amazon\awssdk\checksums-spi\2.32.25\checksums-spi-2.32.25.jar;C:\Users\evans\.m2\repository\software\amazon\awssdk\checksums\2.32.25\checksums-2.32.25.jar;C:\Users\evans\.m2\repository\software\amazon\awssdk\sdk-core\2.32.25\sdk-core-2.32.25.jar;C:\Users\evans\.m2\repository\software\amazon\awssdk\auth\2.32.25\auth-2.32.25.jar;C:\Users\evans\.m2\repository\software\amazon\awssdk\http-auth-aws-eventstream\2.32.25\http-auth-aws-eventstream-2.32.25.jar;C:\Users\evans\.m2\repository\software\amazon\awssdk\http-auth-spi\2.32.25\http-auth-spi-2.32.25.jar;C:\Users\evans\.m2\repository\software\amazon\awssdk\http-auth\2.32.25\http-auth-2.32.25.jar;C:\Users\evans\.m2\repository\software\amazon\awssdk\identity-spi\2.32.25\identity-spi-2.32.25.jar;C:\Users\evans\.m2\repository\software\amazon\awssdk\http-client-spi\2.32.25\http-client-spi-2.32.25.jar;C:\Users\evans\.m2\repository\software\amazon\awssdk\regions\2.32.25\regions-2.32.25.jar;C:\Users\evans\.m2\repository\software\amazon\awssdk\annotations\2.32.25\annotations-2.32.25.jar;C:\Users\evans\.m2\repository\software\amazon\awssdk\utils\2.32.25\utils-2.32.25.jar;C:\Users\evans\.m2\repository\software\amazon\awssdk\metrics-spi\2.32.25\metrics-spi-2.32.25.jar;C:\Users\evans\.m2\repository\software\amazon\awssdk\json-utils\2.32.25\json-utils-2.32.25.jar;C:\Users\evans\.m2\repository\software\amazon\awssdk\endpoints-spi\2.32.25\endpoints-spi-2.32.25.jar;C:\Users\evans\.m2\repository\software\amazon\awssdk\retries-spi\2.32.25\retries-spi-2.32.25.jar;C:\Users\evans\.m2\repository\software\amazon\awssdk\apache-client\2.32.25\apache-client-2.32.25.jar;C:\Users\evans\.m2\repository\software\amazon\awssdk\netty-nio-client\2.32.25\netty-nio-client-2.32.25.jar;C:\Users\evans\.m2\repository\io\netty\netty-codec-http\4.1.124.Final\netty-codec-http-4.1.124.Final.jar;C:\Users\evans\.m2\repository\io\netty\netty-codec-http2\4.1.124.Final\netty-codec-http2-4.1.124.Final.jar;C:\Users\evans\.m2\repository\io\netty\netty-codec\4.1.124.Final\netty-codec-4.1.124.Final.jar;C:\Users\evans\.m2\repository\io\netty\netty-transport\4.1.124.Final\netty-transport-4.1.124.Final.jar;C:\Users\evans\.m2\repository\io\netty\netty-common\4.1.124.Final\netty-common-4.1.124.Final.jar;C:\Users\evans\.m2\repository\io\netty\netty-buffer\4.1.124.Final\netty-buffer-4.1.124.Final.jar;C:\Users\evans\.m2\repository\io\netty\netty-handler\4.1.124.Final\netty-handler-4.1.124.Final.jar;C:\Users\evans\.m2\repository\io\netty\netty-transport-native-unix-common\4.1.124.Final\netty-transport-native-unix-common-4.1.124.Final.jar;C:\Users\evans\.m2\repository\io\netty\netty-transport-classes-epoll\4.1.124.Final\netty-transport-classes-epoll-4.1.124.Final.jar;C:\Users\evans\.m2\repository\io\netty\netty-resolver\4.1.124.Final\netty-resolver-4.1.124.Final.jar;C:\Users\evans\.m2\repository\com\amazonaws\secretsmanager\aws-secretsmanager-jdbc\2.0.2\aws-secretsmanager-jdbc-2.0.2.jar;C:\Users\evans\.m2\repository\com\amazonaws\secretsmanager\aws-secretsmanager-caching-java\2.0.0\aws-secretsmanager-caching-java-2.0.0.jar;C:\Users\evans\.m2\repository\com\github\spotbugs\spotbugs-annotations\4.7.3\spotbugs-annotations-4.7.3.jar;C:\Users\evans\.m2\repository\com\google\code\findbugs\jsr305\3.0.2\jsr305-3.0.2.jar;C:\Users\evans\.m2\repository\software\amazon\awssdk\aws-core\2.32.25\aws-core-2.32.25.jar;C:\Users\evans\.m2\repository\software\amazon\awssdk\profiles\2.32.25\profiles-2.32.25.jar;C:\Users\evans\.m2\repository\software\amazon\awssdk\retries\2.32.25\retries-2.32.25.jar;C:\Users\evans\.m2\repository\software\amazon\eventstream\eventstream\1.0.1\eventstream-1.0.1.jar;C:\Users\evans\.m2\repository\software\amazon\awssdk\test-utils\2.32.25\test-utils-2.32.25.jar;C:\Users\evans\.m2\repository\com\fasterxml\jackson\core\jackson-core\2.15.2\jackson-core-2.15.2.jar;C:\Users\evans\.m2\repository\org\junit\jupiter\junit-jupiter\5.11.0\junit-jupiter-5.11.0.jar;C:\Users\evans\.m2\repository\org\json\json\20240303\json-20240303.jar;C:\Users\evans\.m2\repository\org\apache\httpcomponents\httpclient\4.5.9\httpclient-4.5.9.jar;C:\Users\evans\.m2\repository\commons-logging\commons-logging\1.2\commons-logging-1.2.jar;C:\Users\evans\.m2\repository\org\apache\httpcomponents\httpcore\4.4.9\httpcore-4.4.9.jar;C:\Users\evans\.m2\repository\com\microsoft\sqlserver\mssql-jdbc\12.6.1.jre11\mssql-jdbc-12.6.1.jre11.jar;C:\Users\evans\.m2\repository\com\fasterxml\jackson\core\jackson-databind\2.16.1\jackson-databind-2.16.1.jar;C:\Users\evans\.m2\repository\com\fasterxml\jackson\core\jackson-annotations\2.16.1\jackson-annotations-2.16.1.jar;C:\Users\evans\.m2\repository\io\github\cdimascio\java-dotenv\5.2.2\java-dotenv-5.2.2.jar;C:\Users\evans\.m2\repository\org\jetbrains\kotlin\kotlin-stdlib\1.4.0\kotlin-stdlib-1.4.0.jar;C:\Users\evans\.m2\repository\org\jetbrains\kotlin\kotlin-stdlib-common\1.4.0\kotlin-stdlib-common-1.4.0.jar;C:\Users\evans\.m2\repository\org\jetbrains\annotations\13.0\annotations-13.0.jar;"/>
    <property name="sun.cpu.endian" value="little"/>
    <property name="user.home" value="C:\Users\evans"/>
    <property name="user.language" value="en"/>
    <property name="java.specification.vendor" value="Oracle Corporation"/>
    <property name="java.version.date" value="2025-10-21"/>
    <property name="java.home" value="C:\Program Files\Java\jdk-21"/>
    <property name="file.separator" value="\"/>
    <property name="basedir" value="G:\EAL Teach\Shams Workspaces\Shams_ws1\Cucumber_2025\cucumber2025"/>
    <property name="java.vm.compressedOopsMode" value="Zero based"/>
    <property name="line.separator" value="&#10;"/>
    <property name="java.vm.specification.vendor" value="Oracle Corporation"/>
    <property name="java.specification.name" value="Java Platform API Specification"/>
    <property name="extent.reporter.spark.start" value="true"/>
    <property name="jansi.force" value="true"/>
    <property name="surefire.real.class.path" value="C:\Users\evans\AppData\Local\Temp\surefire5708047558270828335\surefirebooter-20260102185107042_3.jar"/>
    <property name="user.script" value=""/>
    <property name="sun.management.compiler" value="HotSpot 64-Bit Tiered Compilers"/>
    <property name="java.runtime.version" value="21.0.9+7-LTS-338"/>
    <property name="user.name" value="evans"/>
    <property name="stdout.encoding" value="Cp1252"/>
    <property name="path.separator" value=";"/>
    <property name="os.version" value="10.0"/>
    <property name="extent.reporter.spark.out" value="PipeLine_mvnRun_Report/mavenRUN.html"/>
    <property name="java.runtime.name" value="Java(TM) SE Runtime Environment"/>
    <property name="file.encoding" value="UTF-8"/>
    <property name="browser" value="edge-headless"/>
    <property name="java.vm.name" value="Java HotSpot(TM) 64-Bit Server VM"/>
    <property name="localRepository" value="C:\Users\evans\.m2\repository"/>
    <property name="java.vendor.url.bug" value="https://bugreport.java.com/bugreport/"/>
    <property name="java.io.tmpdir" value="C:\Users\evans\AppData\Local\Temp\"/>
    <property name="java.version" value="21.0.9"/>
    <property name="cucumber.filter.tags" value="@InvalidLogin"/>
    <property name="user.dir" value="G:\EAL Teach\Shams Workspaces\Shams_ws1\Cucumber_2025\cucumber2025"/>
    <property name="edge.temp.profile" value="C:\Users\evans\AppData\Local\Temp\/edge-profile-cc12cf50-5995-44ed-baf4-2cab174d23d2"/>
    <property name="os.arch" value="amd64"/>
    <property name="java.vm.specification.name" value="Java Virtual Machine Specification"/>
    <property name="sun.os.patch.level" value=""/>
    <property name="native.encoding" value="Cp1252"/>
    <property name="java.library.path" value="C:\Program Files\Java\jdk-21\bin;C:\Windows\Sun\Java\bin;C:\Windows\system32;C:\Windows;C:/Users/evans/.p2/pool/plugins/org.eclipse.justj.openjdk.hotspot.jre.full.win32.x86_64_21.0.9.v20251105-0741/jre/bin/server;C:/Users/evans/.p2/pool/plugins/org.eclipse.justj.openjdk.hotspot.jre.full.win32.x86_64_21.0.9.v20251105-0741/jre/bin;C:\Program Files\Common Files\Oracle\Java\javapath;C:\Program Files (x86)\TRICENTIS\Tosca Testsuite\ToscaCommander;;C:\Program Files (x86)\TRICENTIS\Tosca Testsuite\Classic;C:\Program Files (x86)\TRICENTIS\Tosca Testsuite\Classic\dll;C:\Program Files (x86)\TRICENTIS\Tosca Testsuite\Classic\dll\GuptaEngine;C:\Program Files (x86)\TRICENTIS\Tosca Testsuite\ToscaCommander;C:\Program Files (x86)\TRICENTIS\Tosca Testsuite\Classic\dll\DelphiEngine;C:\Program Files (x86)\TRICENTIS\Tosca Testsuite\Classic\dll\PBEngine;C:\Program Files (x86)\TRICENTIS\Tosca Testsuite\Classic\dll\VBEngine;C:\Program Files (x86)\TRICENTIS\Tosca Testsuite\Classic\dll\DotNetHooking;;C:\Program Files (x86)\VMware\VMware Workstation\bin\;C:\Windows\system32;C:\Windows;C:\Windows\System32\Wbem;C:\Windows\System32\WindowsPowerShell\v1.0\;C:\Windows\System32\OpenSSH\;C:\Program Files (x86)\NVIDIA Corporation\PhysX\Common;C:\Program Files\dotnet\;C:\Program Files\Git\cmd;C:\Program Files\NVIDIA Corporation\NVIDIA NvDLISR;C:\Program Files\Intel\WiFi\bin\;C:\Program Files\Common Files\Intel\WirelessCommon\;C:\Program Files\Tailscale\;C:\Program Files\Java\jdk-21\bin\;C:\Maven\apache-maven-3.9.5-bin\apache-maven-3.9.5\bin\;C:\Program Files\MySQL\MySQL Shell 8.0\bin\;C:\Users\evans\AppData\Local\Microsoft\WindowsApps;C:\Program Files\MySQL\MySQL Server 8.0\bin;C:\Program Files\Intel\WiFi\bin\;C:\Program Files\Common Files\Intel\WirelessCommon\;C:\Users\evans\AppData\Local\GitHubDesktop\bin;C:\Windows\system32;;."/>
    <property name="java.vm.info" value="mixed mode, sharing"/>
    <property name="stderr.encoding" value="Cp1252"/>
    <property name="java.vendor" value="Oracle Corporation"/>
    <property name="java.vm.version" value="21.0.9+7-LTS-338"/>
    <property name="sun.io.unicode.encoding" value="UnicodeLittle"/>
    <property name="java.class.version" value="65.0"/>
  </properties>
  <testcase name="Verify logging in with Invalid credentials in Login Homepage #1" classname="Testing Homepage Items and Login related test cases ." time="7.516">
    <failure message="The following asserts failed:&#10;	Alert generated and Text is as expected expected [User is not valid] but found [null]" type="java.lang.AssertionError"><![CDATA[java.lang.AssertionError: 
The following asserts failed:
	Alert generated and Text is as expected expected [User is not valid] but found [null]
	at org.testng.asserts.SoftAssert.assertAll(SoftAssert.java:46)
	at org.testng.asserts.SoftAssert.assertAll(SoftAssert.java:30)
	at eal.utilities.SftAssert.assertAll(SftAssert.java:127)
	at eal.hooks.Hooks.after(Hooks.java:114)
]]></failure>
    <system-out><![CDATA[18:51:10.308 INFO  [ealrunner &amp#27;[95m:39&amp#27;[m] &amp#27;[38;5;135m @BeforeClass-ealRunner Running one time&amp#27;[0m
18:51:10.580 INFO  [Driver &amp#27;[95m:167&amp#27;[m] creating temp directory in -edge_headless
18:51:12.310 INFO  [Hooks &amp#27;[95m:46&amp#27;[m] &amp#27;[38;5;54m @Before All Hooks &amp#27;[0m
18:51:12.311 INFO  [Driver &amp#27;[95m:197&amp#27;[m] &amp#27;[1;35m Browser Setup &amp#27;[0m
18:51:12.393 INFO  [ConfigurationReader &amp#27;[95m:21&amp#27;[m] &amp#27;[38;5;201m****************** Current Profile: null******************&amp#27;[0m
18:51:12.393 INFO  [ConfigurationReader &amp#27;[95m:28&amp#27;[m] Current configFile =Configuration.properties
18:51:13.662 INFO  [Driver &amp#27;[95m:203&amp#27;[m] URL Lunched : https://demo.guru99.com/V3/index.php

@login @homepage @allTest @InvalidLogin
Scenario Outline: Verify logging in with Invalid credentials in Login Homepage &amp#27;[90m# src/test/resources/features/2_TCSSet1/1_Login.feature:17&amp#27;[0m
18:51:14.161 INFO  [Hooks &amp#27;[95m:58&amp#27;[m] &amp#27;[38;5;54m @Before hook- Runs before every tcs &amp#27;[0m
18:51:14.161 INFO  [Hooks &amp#27;[95m:60&amp#27;[m] &amp#27;[32;1m================================================================&amp#27;[0m
18:51:14.162 INFO  [Hooks &amp#27;[95m:62&amp#27;[m] &amp#27;[32;1mScenario Title: Verify logging in with Invalid credentials in Login Homepage&amp#27;[0m
18:51:14.162 INFO  [Hooks &amp#27;[95m:63&amp#27;[m] &amp#27;[32;1m================================================================&amp#27;[0m
18:51:14.206 INFO  [Hooks &amp#27;[95m:86&amp#27;[m] &amp#27;[38;5;54m @Before Step Hooks &amp#27;[0m
  
  
18:51:14.212 INFO  [StepNameListener &amp#27;[95m:35&amp#27;[m] &amp#27;[38;5;208m================================================================&amp#27;[0m
18:51:14.212 WARN  [StepNameListener &amp#27;[95m:36&amp#27;[m] &amp#27;[38;5;208mExecuting step: Validate User landed on homepage
18:51:14.213 INFO  [StepNameListener &amp#27;[95m:37&amp#27;[m] &amp#27;[38;5;208m================================================================&amp#27;[0m
  
18:51:14.214 INFO  [Login_StepD &amp#27;[95m:18&amp#27;[m] Verify Title
18:51:14.214 INFO  [HomePage_POM &amp#27;[95m:42&amp#27;[m] Getting the Actual title
18:51:14.230 INFO  [HomePage_POM &amp#27;[95m:44&amp#27;[m] Got the Title
18:51:14.231 INFO  [Login_StepD &amp#27;[95m:22&amp#27;[m] Performing Assertion 
18:51:14.231 INFO  [SftAssert &amp#27;[95m:81&amp#27;[m] &amp#27;[34;1mAssert Passed :---------------------- Title Matched Successfully&amp#27;[0m
  &amp#27;[32mGiven &amp#27;[0m&amp#27;[32mValidate User landed on homepage&amp#27;[0m                                       &amp#27;[90m# eal.step_definitions.Login_StepD.validate_user_landed_on_homepage()&amp#27;[0m
18:51:14.238 INFO  [Hooks &amp#27;[95m:91&amp#27;[m] &amp#27;[38;5;54m  @after step hook &amp#27;[0m
18:51:14.243 INFO  [CommonMethods &amp#27;[95m:990&amp#27;[m] Capturing Screenshot

    Embedding Verify_logging_in_with_Invalid_credentials_in_Login_Homepage_1767397874239 [image/png 51758 bytes]

18:51:14.361 INFO  [CommonMethods &amp#27;[95m:995&amp#27;[m] Screenshot Attached
18:51:14.363 INFO  [Hooks &amp#27;[95m:86&amp#27;[m] &amp#27;[38;5;54m @Before Step Hooks &amp#27;[0m
  
  
18:51:14.365 INFO  [StepNameListener &amp#27;[95m:35&amp#27;[m] &amp#27;[38;5;208m================================================================&amp#27;[0m
18:51:14.365 WARN  [StepNameListener &amp#27;[95m:36&amp#27;[m] &amp#27;[38;5;208mExecuting step: Pass "mngr6467" on "UserID" Field
18:51:14.366 INFO  [StepNameListener &amp#27;[95m:37&amp#27;[m] &amp#27;[38;5;208m================================================================&amp#27;[0m
  
18:51:14.370 INFO  [HomePage_POM &amp#27;[95m:91&amp#27;[m] //td[contains(text(),'UserID')]/following-sibling::td/input
18:51:15.166 INFO  [HomePage_POM &amp#27;[95m:97&amp#27;[m] Clicking on Fields
18:51:15.759 INFO  [CommonMethods &amp#27;[95m:388&amp#27;[m] element is visible and Clickable
18:51:16.354 INFO  [HomePage_POM &amp#27;[95m:100&amp#27;[m] passing value: mngr6467
18:51:16.567 INFO  [CommonMethods &amp#27;[95m:1686&amp#27;[m]  Text 'mngr6467' successfully entered into element: [[EdgeDriver: MicrosoftEdge on windows (628202fe30300a0dea323e3cb3586183)] -> xpath: //td[contains(text(),'UserID')]/following-sibling::td/input]
18:51:16.568 INFO  [HomePage_POM &amp#27;[95m:103&amp#27;[m] get the field value to make sure it is filled up properly
18:51:16.575 INFO  [SftAssert &amp#27;[95m:81&amp#27;[m] &amp#27;[34;1mAssert Passed :---------------------- Field is filled up&amp#27;[0m
  &amp#27;[32mGiven &amp#27;[0m&amp#27;[32mPass &amp#27;[0m&amp#27;[32m&amp#27;[1m"mngr6467"&amp#27;[0m&amp#27;[32m on &amp#27;[0m&amp#27;[32m&amp#27;[1m"UserID"&amp#27;[0m&amp#27;[32m Field&amp#27;[0m                                      &amp#27;[90m# eal.step_definitions.Login_StepD.pass_on_field(java.lang.String,java.lang.String)&amp#27;[0m
18:51:16.577 INFO  [Hooks &amp#27;[95m:91&amp#27;[m] &amp#27;[38;5;54m  @after step hook &amp#27;[0m
18:51:16.577 INFO  [CommonMethods &amp#27;[95m:990&amp#27;[m] Capturing Screenshot

    Embedding Verify_logging_in_with_Invalid_credentials_in_Login_Homepage_1767397876577 [image/png 53623 bytes]

18:51:16.662 INFO  [CommonMethods &amp#27;[95m:995&amp#27;[m] Screenshot Attached
18:51:16.663 INFO  [Hooks &amp#27;[95m:86&amp#27;[m] &amp#27;[38;5;54m @Before Step Hooks &amp#27;[0m
  
  
18:51:16.664 INFO  [StepNameListener &amp#27;[95m:35&amp#27;[m] &amp#27;[38;5;208m================================================================&amp#27;[0m
18:51:16.665 WARN  [StepNameListener &amp#27;[95m:36&amp#27;[m] &amp#27;[38;5;208mExecuting step: Pass "0000000" on "Password" Field
18:51:16.665 INFO  [StepNameListener &amp#27;[95m:37&amp#27;[m] &amp#27;[38;5;208m================================================================&amp#27;[0m
  
18:51:16.666 INFO  [HomePage_POM &amp#27;[95m:91&amp#27;[m] //td[contains(text(),'Password')]/following-sibling::td/input
18:51:17.464 INFO  [HomePage_POM &amp#27;[95m:97&amp#27;[m] Clicking on Fields
18:51:18.071 INFO  [CommonMethods &amp#27;[95m:388&amp#27;[m] element is visible and Clickable
18:51:18.537 INFO  [HomePage_POM &amp#27;[95m:100&amp#27;[m] passing value: 0000000
18:51:18.656 INFO  [CommonMethods &amp#27;[95m:1686&amp#27;[m]  Text '0000000' successfully entered into element: [[EdgeDriver: MicrosoftEdge on windows (628202fe30300a0dea323e3cb3586183)] -> xpath: //td[contains(text(),'Password')]/following-sibling::td/input]
18:51:18.657 INFO  [HomePage_POM &amp#27;[95m:103&amp#27;[m] get the field value to make sure it is filled up properly
18:51:18.666 INFO  [SftAssert &amp#27;[95m:81&amp#27;[m] &amp#27;[34;1mAssert Passed :---------------------- Field is filled up&amp#27;[0m
  &amp#27;[32mAnd &amp#27;[0m&amp#27;[32mPass &amp#27;[0m&amp#27;[32m&amp#27;[1m"0000000"&amp#27;[0m&amp#27;[32m on &amp#27;[0m&amp#27;[32m&amp#27;[1m"Password"&amp#27;[0m&amp#27;[32m Field&amp#27;[0m                                       &amp#27;[90m# eal.step_definitions.Login_StepD.pass_on_field(java.lang.String,java.lang.String)&amp#27;[0m
18:51:18.668 INFO  [Hooks &amp#27;[95m:91&amp#27;[m] &amp#27;[38;5;54m  @after step hook &amp#27;[0m
18:51:18.669 INFO  [CommonMethods &amp#27;[95m:990&amp#27;[m] Capturing Screenshot

    Embedding Verify_logging_in_with_Invalid_credentials_in_Login_Homepage_1767397878669 [image/png 54317 bytes]

18:51:18.770 INFO  [CommonMethods &amp#27;[95m:995&amp#27;[m] Screenshot Attached
18:51:18.773 INFO  [Hooks &amp#27;[95m:86&amp#27;[m] &amp#27;[38;5;54m @Before Step Hooks &amp#27;[0m
  
  
18:51:18.776 INFO  [StepNameListener &amp#27;[95m:35&amp#27;[m] &amp#27;[38;5;208m================================================================&amp#27;[0m
18:51:18.776 WARN  [StepNameListener &amp#27;[95m:36&amp#27;[m] &amp#27;[38;5;208mExecuting step: click on Login button
18:51:18.776 INFO  [StepNameListener &amp#27;[95m:37&amp#27;[m] &amp#27;[38;5;208m================================================================&amp#27;[0m
  
18:51:18.777 INFO  [HomePage_POM &amp#27;[95m:117&amp#27;[m] clicking on login button
18:51:19.406 INFO  [CommonMethods &amp#27;[95m:388&amp#27;[m] element is visible and Clickable
18:51:20.392 ERROR [HomePage_POM &amp#27;[95m:126&amp#27;[m] &amp#27;[31;1morg.openqa.selenium.UnhandledAlertException: unexpected alert open: {Alert text : User is not valid}
  (Session info: MicrosoftEdge=143.0.3650.96): User is not valid
Build info: version: '4.35.0', revision: '1c58e5028b'
System info: os.name: 'Windows 10', os.arch: 'amd64', os.version: '10.0', java.version: '21.0.9'
Driver info: org.openqa.selenium.edge.EdgeDriver
Command: [628202fe30300a0dea323e3cb3586183, executeScript {args=[], script=return document.readyState}]
Capabilities {acceptInsecureCerts: false, browserName: MicrosoftEdge, browserVersion: 143.0.3650.96, fedcm:accounts: true, goog:processID: 16308, ms:edgeOptions: {debuggerAddress: localhost:2891}, msedge: {msedgedriverVersion: 143.0.3650.96 (d55fe85d0141..., userDataDir: C:\Users\evans\AppData\Loca...}, networkConnectionEnabled: false, pageLoadStrategy: normal, platformName: windows, proxy: Proxy(), se:cdp: ws://localhost:2891/devtool..., se:cdpVersion: 143.0.3650.96, setWindowRect: true, strictFileInteractability: false, timeouts: {implicit: 0, pageLoad: 300000, script: 30000}, unhandledPromptBehavior: dismiss and notify, webauthn:extension:credBlob: true, webauthn:extension:largeBlob: true, webauthn:extension:minPinLength: true, webauthn:extension:prf: true, webauthn:virtualAuthenticators: true}
Session ID: 628202fe30300a0dea323e3cb3586183&amp#27;[0m
18:51:20.394 INFO  [SftAssert &amp#27;[95m:93&amp#27;[m] &amp#27;[31;1mAssert Failed :------------------------ Alert generated and Text is as expected [Expected: User is not valid, Actual: null]&amp#27;[0m
  &amp#27;[32mThen &amp#27;[0m&amp#27;[32mclick on Login button&amp#27;[0m                                                   &amp#27;[90m# eal.step_definitions.Login_StepD.click_on_button()&amp#27;[0m
18:51:21.087 INFO  [Hooks &amp#27;[95m:91&amp#27;[m] &amp#27;[38;5;54m  @after step hook &amp#27;[0m
18:51:21.087 INFO  [CommonMethods &amp#27;[95m:990&amp#27;[m] Capturing Screenshot

    Embedding Verify_logging_in_with_Invalid_credentials_in_Login_Homepage_1767397881087 [image/png 52714 bytes]

18:51:21.155 INFO  [CommonMethods &amp#27;[95m:995&amp#27;[m] Screenshot Attached
18:51:21.157 INFO  [Hooks &amp#27;[95m:86&amp#27;[m] &amp#27;[38;5;54m @Before Step Hooks &amp#27;[0m
  
  
18:51:21.158 INFO  [StepNameListener &amp#27;[95m:35&amp#27;[m] &amp#27;[38;5;208m================================================================&amp#27;[0m
18:51:21.159 WARN  [StepNameListener &amp#27;[95m:36&amp#27;[m] &amp#27;[38;5;208mExecuting step: Click on "OK" button from the alert
18:51:21.163 INFO  [StepNameListener &amp#27;[95m:37&amp#27;[m] &amp#27;[38;5;208m================================================================&amp#27;[0m
  
18:51:21.169 ERROR [CommonMethods &amp#27;[95m:821&amp#27;[m] &amp#27;[31;1morg.openqa.selenium.NoAlertPresentException: no such alert
  (Session info: MicrosoftEdge=143.0.3650.96)
Build info: version: '4.35.0', revision: '1c58e5028b'
System info: os.name: 'Windows 10', os.arch: 'amd64', os.version: '10.0', java.version: '21.0.9'
Driver info: org.openqa.selenium.edge.EdgeDriver
Command: [628202fe30300a0dea323e3cb3586183, getAlertText {}]
Capabilities {acceptInsecureCerts: false, browserName: MicrosoftEdge, browserVersion: 143.0.3650.96, fedcm:accounts: true, goog:processID: 16308, ms:edgeOptions: {debuggerAddress: localhost:2891}, msedge: {msedgedriverVersion: 143.0.3650.96 (d55fe85d0141..., userDataDir: C:\Users\evans\AppData\Loca...}, networkConnectionEnabled: false, pageLoadStrategy: normal, platformName: windows, proxy: Proxy(), se:cdp: ws://localhost:2891/devtool..., se:cdpVersion: 143.0.3650.96, setWindowRect: true, strictFileInteractability: false, timeouts: {implicit: 0, pageLoad: 300000, script: 30000}, unhandledPromptBehavior: dismiss and notify, webauthn:extension:credBlob: true, webauthn:extension:largeBlob: true, webauthn:extension:minPinLength: true, webauthn:extension:prf: true, webauthn:virtualAuthenticators: true}
Session ID: 628202fe30300a0dea323e3cb3586183&amp#27;[0m
18:51:21.170 INFO  [HomePage_POM &amp#27;[95m:42&amp#27;[m] Getting the Actual title
18:51:21.175 INFO  [HomePage_POM &amp#27;[95m:44&amp#27;[m] Got the Title
18:51:21.176 INFO  [SftAssert &amp#27;[95m:81&amp#27;[m] &amp#27;[34;1mAssert Passed :---------------------- Alert accepted and user came back to homepage&amp#27;[0m
  &amp#27;[32mThen &amp#27;[0m&amp#27;[32mClick on &amp#27;[0m&amp#27;[32m&amp#27;[1m"OK"&amp#27;[0m&amp#27;[32m button from the alert&amp#27;[0m                                     &amp#27;[90m# eal.step_definitions.Login_StepD.click_on_button_from_the_alert(java.lang.String)&amp#27;[0m
18:51:21.177 INFO  [Hooks &amp#27;[95m:91&amp#27;[m] &amp#27;[38;5;54m  @after step hook &amp#27;[0m
18:51:21.177 INFO  [CommonMethods &amp#27;[95m:990&amp#27;[m] Capturing Screenshot

    Embedding Verify_logging_in_with_Invalid_credentials_in_Login_Homepage_1767397881177 [image/png 52714 bytes]

18:51:21.250 INFO  [CommonMethods &amp#27;[95m:995&amp#27;[m] Screenshot Attached
18:51:21.253 INFO  [Hooks &amp#27;[95m:98&amp#27;[m] &amp#27;[38;5;54m @after hook &amp#27;[0m
18:51:21.254 INFO  [Hooks &amp#27;[95m:99&amp#27;[m] &amp#27;[32;1m================================================================&amp#27;[0m
18:51:21.256 INFO  [Hooks &amp#27;[95m:100&amp#27;[m] &amp#27;[38;5;54mVerify logging in with Invalid credentials in Login Homepage :- Status - PASSED&amp#27;[0m
18:51:21.257 INFO  [Hooks &amp#27;[95m:101&amp#27;[m] &amp#27;[32;1m================================================================&amp#27;[0m
      &amp#27;[31mjava.lang.AssertionError: The following asserts failed:
	Alert generated and Text is as expected expected [User is not valid] but found [null]
	at org.testng.asserts.SoftAssert.assertAll(SoftAssert.java:46)
	at org.testng.asserts.SoftAssert.assertAll(SoftAssert.java:30)
	at eal.utilities.SftAssert.assertAll(SftAssert.java:127)
	at eal.hooks.Hooks.after(Hooks.java:114)
&amp#27;[0m
]]></system-out>
    <system-err><![CDATA[Jan 02, 2026 6:51:12 PM org.openqa.selenium.devtools.CdpVersionFinder findNearestMatch
WARNING: Unable to find an exact match for CDP version 143, returning the closest version; found: 139; Please update to a Selenium version that supports CDP version 143
]]></system-err>
  </testcase>
  <testcase name="Verify logging in with Invalid credentials in Login Homepage #2" classname="Testing Homepage Items and Login related test cases ." time="6.714">
    <failure message="The following asserts failed:&#10;	Alert generated and Text is as expected expected [User is not valid] but found [null]" type="java.lang.AssertionError"><![CDATA[java.lang.AssertionError: 
The following asserts failed:
	Alert generated and Text is as expected expected [User is not valid] but found [null]
	at org.testng.asserts.SoftAssert.assertAll(SoftAssert.java:46)
	at org.testng.asserts.SoftAssert.assertAll(SoftAssert.java:30)
	at eal.utilities.SftAssert.assertAll(SftAssert.java:127)
	at eal.hooks.Hooks.after(Hooks.java:114)
]]></failure>
    <system-out><![CDATA[
@login @homepage @allTest @InvalidLogin
Scenario Outline: Verify logging in with Invalid credentials in Login Homepage &amp#27;[90m# src/test/resources/features/2_TCSSet1/1_Login.feature:19&amp#27;[0m
18:51:21.311 INFO  [Hooks &amp#27;[95m:58&amp#27;[m] &amp#27;[38;5;54m @Before hook- Runs before every tcs &amp#27;[0m
18:51:21.311 INFO  [Hooks &amp#27;[95m:60&amp#27;[m] &amp#27;[32;1m================================================================&amp#27;[0m
18:51:21.311 INFO  [Hooks &amp#27;[95m:62&amp#27;[m] &amp#27;[32;1mScenario Title: Verify logging in with Invalid credentials in Login Homepage&amp#27;[0m
18:51:21.312 INFO  [Hooks &amp#27;[95m:63&amp#27;[m] &amp#27;[32;1m================================================================&amp#27;[0m
18:51:21.350 INFO  [Hooks &amp#27;[95m:86&amp#27;[m] &amp#27;[38;5;54m @Before Step Hooks &amp#27;[0m
  
  
18:51:21.353 INFO  [StepNameListener &amp#27;[95m:35&amp#27;[m] &amp#27;[38;5;208m================================================================&amp#27;[0m
18:51:21.354 WARN  [StepNameListener &amp#27;[95m:36&amp#27;[m] &amp#27;[38;5;208mExecuting step: Validate User landed on homepage
18:51:21.359 INFO  [StepNameListener &amp#27;[95m:37&amp#27;[m] &amp#27;[38;5;208m================================================================&amp#27;[0m
  
18:51:21.361 INFO  [Login_StepD &amp#27;[95m:18&amp#27;[m] Verify Title
18:51:21.361 INFO  [HomePage_POM &amp#27;[95m:42&amp#27;[m] Getting the Actual title
18:51:21.377 INFO  [HomePage_POM &amp#27;[95m:44&amp#27;[m] Got the Title
18:51:21.378 INFO  [Login_StepD &amp#27;[95m:22&amp#27;[m] Performing Assertion 
18:51:21.378 INFO  [SftAssert &amp#27;[95m:81&amp#27;[m] &amp#27;[34;1mAssert Passed :---------------------- Title Matched Successfully&amp#27;[0m
  &amp#27;[32mGiven &amp#27;[0m&amp#27;[32mValidate User landed on homepage&amp#27;[0m                                       &amp#27;[90m# eal.step_definitions.Login_StepD.validate_user_landed_on_homepage()&amp#27;[0m
18:51:21.382 INFO  [Hooks &amp#27;[95m:91&amp#27;[m] &amp#27;[38;5;54m  @after step hook &amp#27;[0m
18:51:21.383 INFO  [CommonMethods &amp#27;[95m:990&amp#27;[m] Capturing Screenshot

    Embedding Verify_logging_in_with_Invalid_credentials_in_Login_Homepage_1767397881382 [image/png 52714 bytes]

18:51:21.488 INFO  [CommonMethods &amp#27;[95m:995&amp#27;[m] Screenshot Attached
18:51:21.489 INFO  [Hooks &amp#27;[95m:86&amp#27;[m] &amp#27;[38;5;54m @Before Step Hooks &amp#27;[0m
  
  
18:51:21.490 INFO  [StepNameListener &amp#27;[95m:35&amp#27;[m] &amp#27;[38;5;208m================================================================&amp#27;[0m
18:51:21.490 WARN  [StepNameListener &amp#27;[95m:36&amp#27;[m] &amp#27;[38;5;208mExecuting step: Pass "mngr646768" on "UserID" Field
18:51:21.491 INFO  [StepNameListener &amp#27;[95m:37&amp#27;[m] &amp#27;[38;5;208m================================================================&amp#27;[0m
  
18:51:21.491 INFO  [HomePage_POM &amp#27;[95m:91&amp#27;[m] //td[contains(text(),'UserID')]/following-sibling::td/input
18:51:22.268 INFO  [HomePage_POM &amp#27;[95m:97&amp#27;[m] Clicking on Fields
18:51:22.841 INFO  [CommonMethods &amp#27;[95m:388&amp#27;[m] element is visible and Clickable
18:51:23.310 INFO  [HomePage_POM &amp#27;[95m:100&amp#27;[m] passing value: mngr646768
18:51:23.436 INFO  [CommonMethods &amp#27;[95m:1686&amp#27;[m]  Text 'mngr646768' successfully entered into element: [[EdgeDriver: MicrosoftEdge on windows (628202fe30300a0dea323e3cb3586183)] -> xpath: //td[contains(text(),'UserID')]/following-sibling::td/input]
18:51:23.437 INFO  [HomePage_POM &amp#27;[95m:103&amp#27;[m] get the field value to make sure it is filled up properly
18:51:23.445 INFO  [SftAssert &amp#27;[95m:81&amp#27;[m] &amp#27;[34;1mAssert Passed :---------------------- Field is filled up&amp#27;[0m
  &amp#27;[32mGiven &amp#27;[0m&amp#27;[32mPass &amp#27;[0m&amp#27;[32m&amp#27;[1m"mngr646768"&amp#27;[0m&amp#27;[32m on &amp#27;[0m&amp#27;[32m&amp#27;[1m"UserID"&amp#27;[0m&amp#27;[32m Field&amp#27;[0m                                    &amp#27;[90m# eal.step_definitions.Login_StepD.pass_on_field(java.lang.String,java.lang.String)&amp#27;[0m
18:51:23.450 INFO  [Hooks &amp#27;[95m:91&amp#27;[m] &amp#27;[38;5;54m  @after step hook &amp#27;[0m
18:51:23.450 INFO  [CommonMethods &amp#27;[95m:990&amp#27;[m] Capturing Screenshot

    Embedding Verify_logging_in_with_Invalid_credentials_in_Login_Homepage_1767397883450 [image/png 54782 bytes]

18:51:23.544 INFO  [CommonMethods &amp#27;[95m:995&amp#27;[m] Screenshot Attached
18:51:23.545 INFO  [Hooks &amp#27;[95m:86&amp#27;[m] &amp#27;[38;5;54m @Before Step Hooks &amp#27;[0m
  
  
18:51:23.547 INFO  [StepNameListener &amp#27;[95m:35&amp#27;[m] &amp#27;[38;5;208m================================================================&amp#27;[0m
18:51:23.547 WARN  [StepNameListener &amp#27;[95m:36&amp#27;[m] &amp#27;[38;5;208mExecuting step: Pass "0000000" on "Password" Field
18:51:23.547 INFO  [StepNameListener &amp#27;[95m:37&amp#27;[m] &amp#27;[38;5;208m================================================================&amp#27;[0m
  
18:51:23.548 INFO  [HomePage_POM &amp#27;[95m:91&amp#27;[m] //td[contains(text(),'Password')]/following-sibling::td/input
18:51:24.322 INFO  [HomePage_POM &amp#27;[95m:97&amp#27;[m] Clicking on Fields
18:51:24.896 INFO  [CommonMethods &amp#27;[95m:388&amp#27;[m] element is visible and Clickable
18:51:25.356 INFO  [HomePage_POM &amp#27;[95m:100&amp#27;[m] passing value: 0000000
18:51:25.479 INFO  [CommonMethods &amp#27;[95m:1686&amp#27;[m]  Text '0000000' successfully entered into element: [[EdgeDriver: MicrosoftEdge on windows (628202fe30300a0dea323e3cb3586183)] -> xpath: //td[contains(text(),'Password')]/following-sibling::td/input]
18:51:25.480 INFO  [HomePage_POM &amp#27;[95m:103&amp#27;[m] get the field value to make sure it is filled up properly
18:51:25.493 INFO  [SftAssert &amp#27;[95m:81&amp#27;[m] &amp#27;[34;1mAssert Passed :---------------------- Field is filled up&amp#27;[0m
  &amp#27;[32mAnd &amp#27;[0m&amp#27;[32mPass &amp#27;[0m&amp#27;[32m&amp#27;[1m"0000000"&amp#27;[0m&amp#27;[32m on &amp#27;[0m&amp#27;[32m&amp#27;[1m"Password"&amp#27;[0m&amp#27;[32m Field&amp#27;[0m                                       &amp#27;[90m# eal.step_definitions.Login_StepD.pass_on_field(java.lang.String,java.lang.String)&amp#27;[0m
18:51:25.494 INFO  [Hooks &amp#27;[95m:91&amp#27;[m] &amp#27;[38;5;54m  @after step hook &amp#27;[0m
18:51:25.494 INFO  [CommonMethods &amp#27;[95m:990&amp#27;[m] Capturing Screenshot

    Embedding Verify_logging_in_with_Invalid_credentials_in_Login_Homepage_1767397885494 [image/png 55493 bytes]

18:51:25.557 INFO  [CommonMethods &amp#27;[95m:995&amp#27;[m] Screenshot Attached
18:51:25.558 INFO  [Hooks &amp#27;[95m:86&amp#27;[m] &amp#27;[38;5;54m @Before Step Hooks &amp#27;[0m
  
  
18:51:25.559 INFO  [StepNameListener &amp#27;[95m:35&amp#27;[m] &amp#27;[38;5;208m================================================================&amp#27;[0m
18:51:25.559 WARN  [StepNameListener &amp#27;[95m:36&amp#27;[m] &amp#27;[38;5;208mExecuting step: click on Login button
18:51:25.559 INFO  [StepNameListener &amp#27;[95m:37&amp#27;[m] &amp#27;[38;5;208m================================================================&amp#27;[0m
  
18:51:25.559 INFO  [HomePage_POM &amp#27;[95m:117&amp#27;[m] clicking on login button
18:51:26.185 INFO  [CommonMethods &amp#27;[95m:388&amp#27;[m] element is visible and Clickable
18:51:27.134 ERROR [HomePage_POM &amp#27;[95m:126&amp#27;[m] &amp#27;[31;1morg.openqa.selenium.UnhandledAlertException: unexpected alert open: {Alert text : User is not valid}
  (Session info: MicrosoftEdge=143.0.3650.96): User is not valid
Build info: version: '4.35.0', revision: '1c58e5028b'
System info: os.name: 'Windows 10', os.arch: 'amd64', os.version: '10.0', java.version: '21.0.9'
Driver info: org.openqa.selenium.edge.EdgeDriver
Command: [628202fe30300a0dea323e3cb3586183, executeScript {args=[], script=return document.readyState}]
Capabilities {acceptInsecureCerts: false, browserName: MicrosoftEdge, browserVersion: 143.0.3650.96, fedcm:accounts: true, goog:processID: 16308, ms:edgeOptions: {debuggerAddress: localhost:2891}, msedge: {msedgedriverVersion: 143.0.3650.96 (d55fe85d0141..., userDataDir: C:\Users\evans\AppData\Loca...}, networkConnectionEnabled: false, pageLoadStrategy: normal, platformName: windows, proxy: Proxy(), se:cdp: ws://localhost:2891/devtool..., se:cdpVersion: 143.0.3650.96, setWindowRect: true, strictFileInteractability: false, timeouts: {implicit: 0, pageLoad: 300000, script: 30000}, unhandledPromptBehavior: dismiss and notify, webauthn:extension:credBlob: true, webauthn:extension:largeBlob: true, webauthn:extension:minPinLength: true, webauthn:extension:prf: true, webauthn:virtualAuthenticators: true}
Session ID: 628202fe30300a0dea323e3cb3586183&amp#27;[0m
18:51:27.135 INFO  [SftAssert &amp#27;[95m:93&amp#27;[m] &amp#27;[31;1mAssert Failed :------------------------ Alert generated and Text is as expected [Expected: User is not valid, Actual: null]&amp#27;[0m
  &amp#27;[32mThen &amp#27;[0m&amp#27;[32mclick on Login button&amp#27;[0m                                                   &amp#27;[90m# eal.step_definitions.Login_StepD.click_on_button()&amp#27;[0m
18:51:27.830 INFO  [Hooks &amp#27;[95m:91&amp#27;[m] &amp#27;[38;5;54m  @after step hook &amp#27;[0m
18:51:27.830 INFO  [CommonMethods &amp#27;[95m:990&amp#27;[m] Capturing Screenshot

    Embedding Verify_logging_in_with_Invalid_credentials_in_Login_Homepage_1767397887830 [image/png 52431 bytes]

18:51:27.910 INFO  [CommonMethods &amp#27;[95m:995&amp#27;[m] Screenshot Attached
18:51:27.912 INFO  [Hooks &amp#27;[95m:86&amp#27;[m] &amp#27;[38;5;54m @Before Step Hooks &amp#27;[0m
  
  
18:51:27.913 INFO  [StepNameListener &amp#27;[95m:35&amp#27;[m] &amp#27;[38;5;208m================================================================&amp#27;[0m
18:51:27.914 WARN  [StepNameListener &amp#27;[95m:36&amp#27;[m] &amp#27;[38;5;208mExecuting step: Click on "OK" button from the alert
18:51:27.914 INFO  [StepNameListener &amp#27;[95m:37&amp#27;[m] &amp#27;[38;5;208m================================================================&amp#27;[0m
  
18:51:27.917 ERROR [CommonMethods &amp#27;[95m:821&amp#27;[m] &amp#27;[31;1morg.openqa.selenium.NoAlertPresentException: no such alert
  (Session info: MicrosoftEdge=143.0.3650.96)
Build info: version: '4.35.0', revision: '1c58e5028b'
System info: os.name: 'Windows 10', os.arch: 'amd64', os.version: '10.0', java.version: '21.0.9'
Driver info: org.openqa.selenium.edge.EdgeDriver
Command: [628202fe30300a0dea323e3cb3586183, getAlertText {}]
Capabilities {acceptInsecureCerts: false, browserName: MicrosoftEdge, browserVersion: 143.0.3650.96, fedcm:accounts: true, goog:processID: 16308, ms:edgeOptions: {debuggerAddress: localhost:2891}, msedge: {msedgedriverVersion: 143.0.3650.96 (d55fe85d0141..., userDataDir: C:\Users\evans\AppData\Loca...}, networkConnectionEnabled: false, pageLoadStrategy: normal, platformName: windows, proxy: Proxy(), se:cdp: ws://localhost:2891/devtool..., se:cdpVersion: 143.0.3650.96, setWindowRect: true, strictFileInteractability: false, timeouts: {implicit: 0, pageLoad: 300000, script: 30000}, unhandledPromptBehavior: dismiss and notify, webauthn:extension:credBlob: true, webauthn:extension:largeBlob: true, webauthn:extension:minPinLength: true, webauthn:extension:prf: true, webauthn:virtualAuthenticators: true}
Session ID: 628202fe30300a0dea323e3cb3586183&amp#27;[0m
18:51:27.917 INFO  [HomePage_POM &amp#27;[95m:42&amp#27;[m] Getting the Actual title
18:51:27.925 INFO  [HomePage_POM &amp#27;[95m:44&amp#27;[m] Got the Title
18:51:27.925 INFO  [SftAssert &amp#27;[95m:81&amp#27;[m] &amp#27;[34;1mAssert Passed :---------------------- Alert accepted and user came back to homepage&amp#27;[0m
  &amp#27;[32mThen &amp#27;[0m&amp#27;[32mClick on &amp#27;[0m&amp#27;[32m&amp#27;[1m"OK"&amp#27;[0m&amp#27;[32m button from the alert&amp#27;[0m                                     &amp#27;[90m# eal.step_definitions.Login_StepD.click_on_button_from_the_alert(java.lang.String)&amp#27;[0m
18:51:27.927 INFO  [Hooks &amp#27;[95m:91&amp#27;[m] &amp#27;[38;5;54m  @after step hook &amp#27;[0m
18:51:27.927 INFO  [CommonMethods &amp#27;[95m:990&amp#27;[m] Capturing Screenshot

    Embedding Verify_logging_in_with_Invalid_credentials_in_Login_Homepage_1767397887927 [image/png 52431 bytes]

18:51:28.001 INFO  [CommonMethods &amp#27;[95m:995&amp#27;[m] Screenshot Attached
18:51:28.003 INFO  [Hooks &amp#27;[95m:98&amp#27;[m] &amp#27;[38;5;54m @after hook &amp#27;[0m
18:51:28.004 INFO  [Hooks &amp#27;[95m:99&amp#27;[m] &amp#27;[32;1m================================================================&amp#27;[0m
18:51:28.004 INFO  [Hooks &amp#27;[95m:100&amp#27;[m] &amp#27;[38;5;54mVerify logging in with Invalid credentials in Login Homepage :- Status - PASSED&amp#27;[0m
18:51:28.004 INFO  [Hooks &amp#27;[95m:101&amp#27;[m] &amp#27;[32;1m================================================================&amp#27;[0m
      &amp#27;[31mjava.lang.AssertionError: The following asserts failed:
	Alert generated and Text is as expected expected [User is not valid] but found [null]
	at org.testng.asserts.SoftAssert.assertAll(SoftAssert.java:46)
	at org.testng.asserts.SoftAssert.assertAll(SoftAssert.java:30)
	at eal.utilities.SftAssert.assertAll(SftAssert.java:127)
	at eal.hooks.Hooks.after(Hooks.java:114)
&amp#27;[0m
]]></system-out>
  </testcase>
  <testcase name="Verify logging in with Invalid credentials in Login Homepage #3" classname="Testing Homepage Items and Login related test cases ." time="6.343">
    <failure message="The following asserts failed:&#10;	Alert generated and Text is as expected expected [User is not valid] but found [null]" type="java.lang.AssertionError"><![CDATA[java.lang.AssertionError: 
The following asserts failed:
	Alert generated and Text is as expected expected [User is not valid] but found [null]
	at org.testng.asserts.SoftAssert.assertAll(SoftAssert.java:46)
	at org.testng.asserts.SoftAssert.assertAll(SoftAssert.java:30)
	at eal.utilities.SftAssert.assertAll(SftAssert.java:127)
	at eal.hooks.Hooks.after(Hooks.java:114)
]]></failure>
    <system-out><![CDATA[
@login @homepage @allTest @InvalidLogin
Scenario Outline: Verify logging in with Invalid credentials in Login Homepage &amp#27;[90m# src/test/resources/features/2_TCSSet1/1_Login.feature:21&amp#27;[0m
18:51:28.026 INFO  [Hooks &amp#27;[95m:58&amp#27;[m] &amp#27;[38;5;54m @Before hook- Runs before every tcs &amp#27;[0m
18:51:28.026 INFO  [Hooks &amp#27;[95m:60&amp#27;[m] &amp#27;[32;1m================================================================&amp#27;[0m
18:51:28.026 INFO  [Hooks &amp#27;[95m:62&amp#27;[m] &amp#27;[32;1mScenario Title: Verify logging in with Invalid credentials in Login Homepage&amp#27;[0m
18:51:28.027 INFO  [Hooks &amp#27;[95m:63&amp#27;[m] &amp#27;[32;1m================================================================&amp#27;[0m
18:51:28.044 INFO  [Hooks &amp#27;[95m:86&amp#27;[m] &amp#27;[38;5;54m @Before Step Hooks &amp#27;[0m
  
  
18:51:28.045 INFO  [StepNameListener &amp#27;[95m:35&amp#27;[m] &amp#27;[38;5;208m================================================================&amp#27;[0m
18:51:28.045 WARN  [StepNameListener &amp#27;[95m:36&amp#27;[m] &amp#27;[38;5;208mExecuting step: Validate User landed on homepage
18:51:28.045 INFO  [StepNameListener &amp#27;[95m:37&amp#27;[m] &amp#27;[38;5;208m================================================================&amp#27;[0m
  
18:51:28.046 INFO  [Login_StepD &amp#27;[95m:18&amp#27;[m] Verify Title
18:51:28.046 INFO  [HomePage_POM &amp#27;[95m:42&amp#27;[m] Getting the Actual title
18:51:28.049 INFO  [HomePage_POM &amp#27;[95m:44&amp#27;[m] Got the Title
18:51:28.050 INFO  [Login_StepD &amp#27;[95m:22&amp#27;[m] Performing Assertion 
18:51:28.050 INFO  [SftAssert &amp#27;[95m:81&amp#27;[m] &amp#27;[34;1mAssert Passed :---------------------- Title Matched Successfully&amp#27;[0m
  &amp#27;[32mGiven &amp#27;[0m&amp#27;[32mValidate User landed on homepage&amp#27;[0m                                       &amp#27;[90m# eal.step_definitions.Login_StepD.validate_user_landed_on_homepage()&amp#27;[0m
18:51:28.050 INFO  [Hooks &amp#27;[95m:91&amp#27;[m] &amp#27;[38;5;54m  @after step hook &amp#27;[0m
18:51:28.051 INFO  [CommonMethods &amp#27;[95m:990&amp#27;[m] Capturing Screenshot

    Embedding Verify_logging_in_with_Invalid_credentials_in_Login_Homepage_1767397888051 [image/png 52431 bytes]

18:51:28.129 INFO  [CommonMethods &amp#27;[95m:995&amp#27;[m] Screenshot Attached
18:51:28.129 INFO  [Hooks &amp#27;[95m:86&amp#27;[m] &amp#27;[38;5;54m @Before Step Hooks &amp#27;[0m
  
  
18:51:28.130 INFO  [StepNameListener &amp#27;[95m:35&amp#27;[m] &amp#27;[38;5;208m================================================================&amp#27;[0m
18:51:28.130 WARN  [StepNameListener &amp#27;[95m:36&amp#27;[m] &amp#27;[38;5;208mExecuting step: Pass "mngr111" on "UserID" Field
18:51:28.130 INFO  [StepNameListener &amp#27;[95m:37&amp#27;[m] &amp#27;[38;5;208m================================================================&amp#27;[0m
  
18:51:28.131 INFO  [HomePage_POM &amp#27;[95m:91&amp#27;[m] //td[contains(text(),'UserID')]/following-sibling::td/input
18:51:28.912 INFO  [HomePage_POM &amp#27;[95m:97&amp#27;[m] Clicking on Fields
18:51:29.464 INFO  [CommonMethods &amp#27;[95m:388&amp#27;[m] element is visible and Clickable
18:51:29.928 INFO  [HomePage_POM &amp#27;[95m:100&amp#27;[m] passing value: mngr111
18:51:30.034 INFO  [CommonMethods &amp#27;[95m:1686&amp#27;[m]  Text 'mngr111' successfully entered into element: [[EdgeDriver: MicrosoftEdge on windows (628202fe30300a0dea323e3cb3586183)] -> xpath: //td[contains(text(),'UserID')]/following-sibling::td/input]
18:51:30.034 INFO  [HomePage_POM &amp#27;[95m:103&amp#27;[m] get the field value to make sure it is filled up properly
18:51:30.042 INFO  [SftAssert &amp#27;[95m:81&amp#27;[m] &amp#27;[34;1mAssert Passed :---------------------- Field is filled up&amp#27;[0m
  &amp#27;[32mGiven &amp#27;[0m&amp#27;[32mPass &amp#27;[0m&amp#27;[32m&amp#27;[1m"mngr111"&amp#27;[0m&amp#27;[32m on &amp#27;[0m&amp#27;[32m&amp#27;[1m"UserID"&amp#27;[0m&amp#27;[32m Field&amp#27;[0m                                       &amp#27;[90m# eal.step_definitions.Login_StepD.pass_on_field(java.lang.String,java.lang.String)&amp#27;[0m
18:51:30.043 INFO  [Hooks &amp#27;[95m:91&amp#27;[m] &amp#27;[38;5;54m  @after step hook &amp#27;[0m
18:51:30.044 INFO  [CommonMethods &amp#27;[95m:990&amp#27;[m] Capturing Screenshot

    Embedding Verify_logging_in_with_Invalid_credentials_in_Login_Homepage_1767397890044 [image/png 53454 bytes]

18:51:30.104 INFO  [CommonMethods &amp#27;[95m:995&amp#27;[m] Screenshot Attached
18:51:30.104 INFO  [Hooks &amp#27;[95m:86&amp#27;[m] &amp#27;[38;5;54m @Before Step Hooks &amp#27;[0m
  
  
18:51:30.105 INFO  [StepNameListener &amp#27;[95m:35&amp#27;[m] &amp#27;[38;5;208m================================================================&amp#27;[0m
18:51:30.105 WARN  [StepNameListener &amp#27;[95m:36&amp#27;[m] &amp#27;[38;5;208mExecuting step: Pass "nebEsAg" on "Password" Field
18:51:30.105 INFO  [StepNameListener &amp#27;[95m:37&amp#27;[m] &amp#27;[38;5;208m================================================================&amp#27;[0m
  
18:51:30.106 INFO  [HomePage_POM &amp#27;[95m:91&amp#27;[m] //td[contains(text(),'Password')]/following-sibling::td/input
18:51:30.863 INFO  [HomePage_POM &amp#27;[95m:97&amp#27;[m] Clicking on Fields
18:51:31.424 INFO  [CommonMethods &amp#27;[95m:388&amp#27;[m] element is visible and Clickable
18:51:31.875 INFO  [HomePage_POM &amp#27;[95m:100&amp#27;[m] passing value: nebEsAg
18:51:31.975 INFO  [CommonMethods &amp#27;[95m:1686&amp#27;[m]  Text 'nebEsAg' successfully entered into element: [[EdgeDriver: MicrosoftEdge on windows (628202fe30300a0dea323e3cb3586183)] -> xpath: //td[contains(text(),'Password')]/following-sibling::td/input]
18:51:31.976 INFO  [HomePage_POM &amp#27;[95m:103&amp#27;[m] get the field value to make sure it is filled up properly
18:51:31.983 INFO  [SftAssert &amp#27;[95m:81&amp#27;[m] &amp#27;[34;1mAssert Passed :---------------------- Field is filled up&amp#27;[0m
  &amp#27;[32mAnd &amp#27;[0m&amp#27;[32mPass &amp#27;[0m&amp#27;[32m&amp#27;[1m"nebEsAg"&amp#27;[0m&amp#27;[32m on &amp#27;[0m&amp#27;[32m&amp#27;[1m"Password"&amp#27;[0m&amp#27;[32m Field&amp#27;[0m                                       &amp#27;[90m# eal.step_definitions.Login_StepD.pass_on_field(java.lang.String,java.lang.String)&amp#27;[0m
18:51:31.984 INFO  [Hooks &amp#27;[95m:91&amp#27;[m] &amp#27;[38;5;54m  @after step hook &amp#27;[0m
18:51:31.984 INFO  [CommonMethods &amp#27;[95m:990&amp#27;[m] Capturing Screenshot

    Embedding Verify_logging_in_with_Invalid_credentials_in_Login_Homepage_1767397891984 [image/png 54180 bytes]

18:51:32.049 INFO  [CommonMethods &amp#27;[95m:995&amp#27;[m] Screenshot Attached
18:51:32.049 INFO  [Hooks &amp#27;[95m:86&amp#27;[m] &amp#27;[38;5;54m @Before Step Hooks &amp#27;[0m
  
  
18:51:32.050 INFO  [StepNameListener &amp#27;[95m:35&amp#27;[m] &amp#27;[38;5;208m================================================================&amp#27;[0m
18:51:32.050 WARN  [StepNameListener &amp#27;[95m:36&amp#27;[m] &amp#27;[38;5;208mExecuting step: click on Login button
18:51:32.050 INFO  [StepNameListener &amp#27;[95m:37&amp#27;[m] &amp#27;[38;5;208m================================================================&amp#27;[0m
  
18:51:32.051 INFO  [HomePage_POM &amp#27;[95m:117&amp#27;[m] clicking on login button
18:51:32.653 INFO  [CommonMethods &amp#27;[95m:388&amp#27;[m] element is visible and Clickable
18:51:33.599 ERROR [HomePage_POM &amp#27;[95m:126&amp#27;[m] &amp#27;[31;1morg.openqa.selenium.UnhandledAlertException: unexpected alert open: {Alert text : User is not valid}
  (Session info: MicrosoftEdge=143.0.3650.96): User is not valid
Build info: version: '4.35.0', revision: '1c58e5028b'
System info: os.name: 'Windows 10', os.arch: 'amd64', os.version: '10.0', java.version: '21.0.9'
Driver info: org.openqa.selenium.edge.EdgeDriver
Command: [628202fe30300a0dea323e3cb3586183, executeScript {args=[], script=return document.readyState}]
Capabilities {acceptInsecureCerts: false, browserName: MicrosoftEdge, browserVersion: 143.0.3650.96, fedcm:accounts: true, goog:processID: 16308, ms:edgeOptions: {debuggerAddress: localhost:2891}, msedge: {msedgedriverVersion: 143.0.3650.96 (d55fe85d0141..., userDataDir: C:\Users\evans\AppData\Loca...}, networkConnectionEnabled: false, pageLoadStrategy: normal, platformName: windows, proxy: Proxy(), se:cdp: ws://localhost:2891/devtool..., se:cdpVersion: 143.0.3650.96, setWindowRect: true, strictFileInteractability: false, timeouts: {implicit: 0, pageLoad: 300000, script: 30000}, unhandledPromptBehavior: dismiss and notify, webauthn:extension:credBlob: true, webauthn:extension:largeBlob: true, webauthn:extension:minPinLength: true, webauthn:extension:prf: true, webauthn:virtualAuthenticators: true}
Session ID: 628202fe30300a0dea323e3cb3586183&amp#27;[0m
18:51:33.599 INFO  [SftAssert &amp#27;[95m:93&amp#27;[m] &amp#27;[31;1mAssert Failed :------------------------ Alert generated and Text is as expected [Expected: User is not valid, Actual: null]&amp#27;[0m
  &amp#27;[32mThen &amp#27;[0m&amp#27;[32mclick on Login button&amp#27;[0m                                                   &amp#27;[90m# eal.step_definitions.Login_StepD.click_on_button()&amp#27;[0m
18:51:34.136 INFO  [Hooks &amp#27;[95m:91&amp#27;[m] &amp#27;[38;5;54m  @after step hook &amp#27;[0m
18:51:34.136 INFO  [CommonMethods &amp#27;[95m:990&amp#27;[m] Capturing Screenshot

    Embedding Verify_logging_in_with_Invalid_credentials_in_Login_Homepage_1767397894136 [image/png 52431 bytes]

18:51:34.217 INFO  [CommonMethods &amp#27;[95m:995&amp#27;[m] Screenshot Attached
18:51:34.221 INFO  [Hooks &amp#27;[95m:86&amp#27;[m] &amp#27;[38;5;54m @Before Step Hooks &amp#27;[0m
  
  
18:51:34.222 INFO  [StepNameListener &amp#27;[95m:35&amp#27;[m] &amp#27;[38;5;208m================================================================&amp#27;[0m
18:51:34.222 WARN  [StepNameListener &amp#27;[95m:36&amp#27;[m] &amp#27;[38;5;208mExecuting step: Click on "OK" button from the alert
18:51:34.223 INFO  [StepNameListener &amp#27;[95m:37&amp#27;[m] &amp#27;[38;5;208m================================================================&amp#27;[0m
  
18:51:34.226 ERROR [CommonMethods &amp#27;[95m:821&amp#27;[m] &amp#27;[31;1morg.openqa.selenium.NoAlertPresentException: no such alert
  (Session info: MicrosoftEdge=143.0.3650.96)
Build info: version: '4.35.0', revision: '1c58e5028b'
System info: os.name: 'Windows 10', os.arch: 'amd64', os.version: '10.0', java.version: '21.0.9'
Driver info: org.openqa.selenium.edge.EdgeDriver
Command: [628202fe30300a0dea323e3cb3586183, getAlertText {}]
Capabilities {acceptInsecureCerts: false, browserName: MicrosoftEdge, browserVersion: 143.0.3650.96, fedcm:accounts: true, goog:processID: 16308, ms:edgeOptions: {debuggerAddress: localhost:2891}, msedge: {msedgedriverVersion: 143.0.3650.96 (d55fe85d0141..., userDataDir: C:\Users\evans\AppData\Loca...}, networkConnectionEnabled: false, pageLoadStrategy: normal, platformName: windows, proxy: Proxy(), se:cdp: ws://localhost:2891/devtool..., se:cdpVersion: 143.0.3650.96, setWindowRect: true, strictFileInteractability: false, timeouts: {implicit: 0, pageLoad: 300000, script: 30000}, unhandledPromptBehavior: dismiss and notify, webauthn:extension:credBlob: true, webauthn:extension:largeBlob: true, webauthn:extension:minPinLength: true, webauthn:extension:prf: true, webauthn:virtualAuthenticators: true}
Session ID: 628202fe30300a0dea323e3cb3586183&amp#27;[0m
18:51:34.226 INFO  [HomePage_POM &amp#27;[95m:42&amp#27;[m] Getting the Actual title
18:51:34.231 INFO  [HomePage_POM &amp#27;[95m:44&amp#27;[m] Got the Title
18:51:34.232 INFO  [SftAssert &amp#27;[95m:81&amp#27;[m] &amp#27;[34;1mAssert Passed :---------------------- Alert accepted and user came back to homepage&amp#27;[0m
  &amp#27;[32mThen &amp#27;[0m&amp#27;[32mClick on &amp#27;[0m&amp#27;[32m&amp#27;[1m"OK"&amp#27;[0m&amp#27;[32m button from the alert&amp#27;[0m                                     &amp#27;[90m# eal.step_definitions.Login_StepD.click_on_button_from_the_alert(java.lang.String)&amp#27;[0m
18:51:34.233 INFO  [Hooks &amp#27;[95m:91&amp#27;[m] &amp#27;[38;5;54m  @after step hook &amp#27;[0m
18:51:34.233 INFO  [CommonMethods &amp#27;[95m:990&amp#27;[m] Capturing Screenshot

    Embedding Verify_logging_in_with_Invalid_credentials_in_Login_Homepage_1767397894233 [image/png 52431 bytes]

18:51:34.348 INFO  [CommonMethods &amp#27;[95m:995&amp#27;[m] Screenshot Attached
18:51:34.349 INFO  [Hooks &amp#27;[95m:98&amp#27;[m] &amp#27;[38;5;54m @after hook &amp#27;[0m
18:51:34.350 INFO  [Hooks &amp#27;[95m:99&amp#27;[m] &amp#27;[32;1m================================================================&amp#27;[0m
18:51:34.350 INFO  [Hooks &amp#27;[95m:100&amp#27;[m] &amp#27;[38;5;54mVerify logging in with Invalid credentials in Login Homepage :- Status - PASSED&amp#27;[0m
18:51:34.350 INFO  [Hooks &amp#27;[95m:101&amp#27;[m] &amp#27;[32;1m================================================================&amp#27;[0m
      &amp#27;[31mjava.lang.AssertionError: The following asserts failed:
	Alert generated and Text is as expected expected [User is not valid] but found [null]
	at org.testng.asserts.SoftAssert.assertAll(SoftAssert.java:46)
	at org.testng.asserts.SoftAssert.assertAll(SoftAssert.java:30)
	at eal.utilities.SftAssert.assertAll(SftAssert.java:127)
	at eal.hooks.Hooks.after(Hooks.java:114)
&amp#27;[0m
]]></system-out>
  </testcase>
</testsuite>